The target system is: Windows -  - 
The host system is: Linux - 3.0.0-12-generic - x86_64
Compiling the C compiler identification source file "CMakeCCompilerId.c" succeeded.
Compiler: /usr/bin/i686-w64-mingw32-gcc 
Build flags: 
Id flags: 

The output was:
0


Compilation of the C compiler identification source "CMakeCCompilerId.c" produced "a.exe"

The C compiler identification is GNU, found in "/home/jaw/vsxu/build/win32/dependencies/libpng-1.5.5/build/CMakeFiles/CompilerIdC/a.exe"

Determining if the C compiler works passed with the following output:
Change Dir: /home/jaw/vsxu/build/win32/dependencies/libpng-1.5.5/build/CMakeFiles/CMakeTmp

Run Build Command:/usr/bin/make "cmTryCompileExec/fast"
/usr/bin/make -f CMakeFiles/cmTryCompileExec.dir/build.make CMakeFiles/cmTryCompileExec.dir/build
make[1]: Entering directory `/home/jaw/vsxu/build/win32/dependencies/libpng-1.5.5/build/CMakeFiles/CMakeTmp'
/usr/bin/cmake -E cmake_progress_report /home/jaw/vsxu/build/win32/dependencies/libpng-1.5.5/build/CMakeFiles/CMakeTmp/CMakeFiles 1
Building C object CMakeFiles/cmTryCompileExec.dir/testCCompiler.c.obj
/usr/bin/i686-w64-mingw32-gcc    -o CMakeFiles/cmTryCompileExec.dir/testCCompiler.c.obj   -c /home/jaw/vsxu/build/win32/dependencies/libpng-1.5.5/build/CMakeFiles/CMakeTmp/testCCompiler.c
Linking C executable cmTryCompileExec.exe
/usr/bin/cmake -E cmake_link_script CMakeFiles/cmTryCompileExec.dir/link.txt --verbose=1
/usr/bin/cmake -E remove -f CMakeFiles/cmTryCompileExec.dir/objects.a
/usr/bin/i686-w64-mingw32-ar cr CMakeFiles/cmTryCompileExec.dir/objects.a @CMakeFiles/cmTryCompileExec.dir/objects1.rsp
/usr/bin/i686-w64-mingw32-gcc         -Wl,--whole-archive CMakeFiles/cmTryCompileExec.dir/objects.a -Wl,--no-whole-archive  -o cmTryCompileExec.exe -Wl,--out-implib,libcmTryCompileExec.dll.a -Wl,--major-image-version,0,--minor-image-version,0  -lkernel32 -luser32 -lgdi32 -lwinspool -lshell32 -lole32 -loleaut32 -luuid -lcomdlg32 -ladvapi32 
make[1]: Leaving directory `/home/jaw/vsxu/build/win32/dependencies/libpng-1.5.5/build/CMakeFiles/CMakeTmp'


Detecting C compiler ABI info compiled with the following output:
Change Dir: /home/jaw/vsxu/build/win32/dependencies/libpng-1.5.5/build/CMakeFiles/CMakeTmp

Run Build Command:/usr/bin/make "cmTryCompileExec/fast"
/usr/bin/make -f CMakeFiles/cmTryCompileExec.dir/build.make CMakeFiles/cmTryCompileExec.dir/build
make[1]: Entering directory `/home/jaw/vsxu/build/win32/dependencies/libpng-1.5.5/build/CMakeFiles/CMakeTmp'
/usr/bin/cmake -E cmake_progress_report /home/jaw/vsxu/build/win32/dependencies/libpng-1.5.5/build/CMakeFiles/CMakeTmp/CMakeFiles 1
Building C object CMakeFiles/cmTryCompileExec.dir/CMakeCCompilerABI.c.obj
/usr/bin/i686-w64-mingw32-gcc    -o CMakeFiles/cmTryCompileExec.dir/CMakeCCompilerABI.c.obj   -c /usr/share/cmake-2.8/Modules/CMakeCCompilerABI.c
Linking C executable cmTryCompileExec.exe
/usr/bin/cmake -E cmake_link_script CMakeFiles/cmTryCompileExec.dir/link.txt --verbose=1
/usr/bin/cmake -E remove -f CMakeFiles/cmTryCompileExec.dir/objects.a
/usr/bin/i686-w64-mingw32-ar cr CMakeFiles/cmTryCompileExec.dir/objects.a @CMakeFiles/cmTryCompileExec.dir/objects1.rsp
/usr/bin/i686-w64-mingw32-gcc       -v -Wl,--whole-archive CMakeFiles/cmTryCompileExec.dir/objects.a -Wl,--no-whole-archive  -o cmTryCompileExec.exe -Wl,--out-implib,libcmTryCompileExec.dll.a -Wl,--major-image-version,0,--minor-image-version,0   
Using built-in specs.
COLLECT_GCC=/usr/bin/i686-w64-mingw32-gcc
COLLECT_LTO_WRAPPER=/usr/lib/gcc/i686-w64-mingw32/4.6.1/lto-wrapper
Target: i686-w64-mingw32
Configured with: ../../src/configure --build=x86_64-linux-gnu --prefix=/usr --includedir='/usr/include' --mandir='/usr/share/man' --infodir='/usr/share/info' --sysconfdir=/etc --localstatedir=/var --libexecdir='/usr/lib/gcc-mingw-w64' --disable-maintainer-mode --disable-dependency-tracking --prefix=/usr --disable-shared --disable-multilib --enable-linker-build-id --with-system-zlib --libexecdir=/usr/lib --without-included-gettext --libdir=/usr/lib --enable-libstdcxx-time=yes --with-tune=generic --enable-version-specific-runtime-libs --enable-languages=c,c++,fortran --enable-lto --with-plugin-ld --enable-fully-dynamic-string --target=i686-w64-mingw32 --with-gxx-include-dir=/usr/include/c++/4.6 --with-as=/usr/bin/i686-w64-mingw32-as --with-ld=/usr/bin/i686-w64-mingw32-ld
Thread model: win32
gcc version 4.6.1 (GCC) 
COMPILER_PATH=/usr/lib/gcc/i686-w64-mingw32/4.6.1/:/usr/lib/gcc/i686-w64-mingw32/4.6.1/:/usr/lib/gcc/i686-w64-mingw32/:/usr/lib/gcc/i686-w64-mingw32/4.6.1/:/usr/lib/gcc/i686-w64-mingw32/
LIBRARY_PATH=/usr/lib/gcc/i686-w64-mingw32/4.6.1/:/usr/lib/gcc/i686-w64-mingw32/4.6.1/../../../../i686-w64-mingw32/lib/../lib/:/usr/lib/gcc/i686-w64-mingw32/4.6.1/../../../../i686-w64-mingw32/lib/
COLLECT_GCC_OPTIONS='-v' '-o' 'cmTryCompileExec.exe' '-mtune=generic' '-march=pentiumpro'
 /usr/lib/gcc/i686-w64-mingw32/4.6.1/collect2 -m i386pe -Bdynamic -o cmTryCompileExec.exe /usr/lib/gcc/i686-w64-mingw32/4.6.1/../../../../i686-w64-mingw32/lib/../lib/crt2.o /usr/lib/gcc/i686-w64-mingw32/4.6.1/crtbegin.o -L/usr/lib/gcc/i686-w64-mingw32/4.6.1 -L/usr/lib/gcc/i686-w64-mingw32/4.6.1/../../../../i686-w64-mingw32/lib/../lib -L/usr/lib/gcc/i686-w64-mingw32/4.6.1/../../../../i686-w64-mingw32/lib --whole-archive CMakeFiles/cmTryCompileExec.dir/objects.a --no-whole-archive --out-implib libcmTryCompileExec.dll.a --major-image-version 0 --minor-image-version 0 -lmingw32 -lgcc -lmoldname -lmingwex -lmsvcrt -ladvapi32 -lshell32 -luser32 -lkernel32 -lmingw32 -lgcc -lmoldname -lmingwex -lmsvcrt /usr/lib/gcc/i686-w64-mingw32/4.6.1/crtend.o
make[1]: Leaving directory `/home/jaw/vsxu/build/win32/dependencies/libpng-1.5.5/build/CMakeFiles/CMakeTmp'


Parsed C implicit link information from above output:
  link line regex: [^( *|.*[/\])(i686-w64-mingw32-ld|ld|collect2)[^/\]*( |$)]
  ignore line: [Change Dir: /home/jaw/vsxu/build/win32/dependencies/libpng-1.5.5/build/CMakeFiles/CMakeTmp]
  ignore line: []
  ignore line: [Run Build Command:/usr/bin/make "cmTryCompileExec/fast"]
  ignore line: [/usr/bin/make -f CMakeFiles/cmTryCompileExec.dir/build.make CMakeFiles/cmTryCompileExec.dir/build]
  ignore line: [make[1]: Entering directory `/home/jaw/vsxu/build/win32/dependencies/libpng-1.5.5/build/CMakeFiles/CMakeTmp']
  ignore line: [/usr/bin/cmake -E cmake_progress_report /home/jaw/vsxu/build/win32/dependencies/libpng-1.5.5/build/CMakeFiles/CMakeTmp/CMakeFiles 1]
  ignore line: [Building C object CMakeFiles/cmTryCompileExec.dir/CMakeCCompilerABI.c.obj]
  ignore line: [/usr/bin/i686-w64-mingw32-gcc    -o CMakeFiles/cmTryCompileExec.dir/CMakeCCompilerABI.c.obj   -c /usr/share/cmake-2.8/Modules/CMakeCCompilerABI.c]
  ignore line: [Linking C executable cmTryCompileExec.exe]
  ignore line: [/usr/bin/cmake -E cmake_link_script CMakeFiles/cmTryCompileExec.dir/link.txt --verbose=1]
  ignore line: [/usr/bin/cmake -E remove -f CMakeFiles/cmTryCompileExec.dir/objects.a]
  ignore line: [/usr/bin/i686-w64-mingw32-ar cr CMakeFiles/cmTryCompileExec.dir/objects.a @CMakeFiles/cmTryCompileExec.dir/objects1.rsp]
  ignore line: [/usr/bin/i686-w64-mingw32-gcc       -v -Wl,--whole-archive CMakeFiles/cmTryCompileExec.dir/objects.a -Wl,--no-whole-archive  -o cmTryCompileExec.exe -Wl,--out-implib,libcmTryCompileExec.dll.a -Wl,--major-image-version,0,--minor-image-version,0   ]
  ignore line: [Using built-in specs.]
  ignore line: [COLLECT_GCC=/usr/bin/i686-w64-mingw32-gcc]
  ignore line: [COLLECT_LTO_WRAPPER=/usr/lib/gcc/i686-w64-mingw32/4.6.1/lto-wrapper]
  ignore line: [Target: i686-w64-mingw32]
  ignore line: [Configured with: ../../src/configure --build=x86_64-linux-gnu --prefix=/usr --includedir='/usr/include' --mandir='/usr/share/man' --infodir='/usr/share/info' --sysconfdir=/etc --localstatedir=/var --libexecdir='/usr/lib/gcc-mingw-w64' --disable-maintainer-mode --disable-dependency-tracking --prefix=/usr --disable-shared --disable-multilib --enable-linker-build-id --with-system-zlib --libexecdir=/usr/lib --without-included-gettext --libdir=/usr/lib --enable-libstdcxx-time=yes --with-tune=generic --enable-version-specific-runtime-libs --enable-languages=c,c++,fortran --enable-lto --with-plugin-ld --enable-fully-dynamic-string --target=i686-w64-mingw32 --with-gxx-include-dir=/usr/include/c++/4.6 --with-as=/usr/bin/i686-w64-mingw32-as --with-ld=/usr/bin/i686-w64-mingw32-ld]
  ignore line: [Thread model: win32]
  ignore line: [gcc version 4.6.1 (GCC) ]
  ignore line: [COMPILER_PATH=/usr/lib/gcc/i686-w64-mingw32/4.6.1/:/usr/lib/gcc/i686-w64-mingw32/4.6.1/:/usr/lib/gcc/i686-w64-mingw32/:/usr/lib/gcc/i686-w64-mingw32/4.6.1/:/usr/lib/gcc/i686-w64-mingw32/]
  ignore line: [LIBRARY_PATH=/usr/lib/gcc/i686-w64-mingw32/4.6.1/:/usr/lib/gcc/i686-w64-mingw32/4.6.1/../../../../i686-w64-mingw32/lib/../lib/:/usr/lib/gcc/i686-w64-mingw32/4.6.1/../../../../i686-w64-mingw32/lib/]
  ignore line: [COLLECT_GCC_OPTIONS='-v' '-o' 'cmTryCompileExec.exe' '-mtune=generic' '-march=pentiumpro']
  link line: [ /usr/lib/gcc/i686-w64-mingw32/4.6.1/collect2 -m i386pe -Bdynamic -o cmTryCompileExec.exe /usr/lib/gcc/i686-w64-mingw32/4.6.1/../../../../i686-w64-mingw32/lib/../lib/crt2.o /usr/lib/gcc/i686-w64-mingw32/4.6.1/crtbegin.o -L/usr/lib/gcc/i686-w64-mingw32/4.6.1 -L/usr/lib/gcc/i686-w64-mingw32/4.6.1/../../../../i686-w64-mingw32/lib/../lib -L/usr/lib/gcc/i686-w64-mingw32/4.6.1/../../../../i686-w64-mingw32/lib --whole-archive CMakeFiles/cmTryCompileExec.dir/objects.a --no-whole-archive --out-implib libcmTryCompileExec.dll.a --major-image-version 0 --minor-image-version 0 -lmingw32 -lgcc -lmoldname -lmingwex -lmsvcrt -ladvapi32 -lshell32 -luser32 -lkernel32 -lmingw32 -lgcc -lmoldname -lmingwex -lmsvcrt /usr/lib/gcc/i686-w64-mingw32/4.6.1/crtend.o]
    arg [/usr/lib/gcc/i686-w64-mingw32/4.6.1/collect2] ==> ignore
    arg [-m] ==> ignore
    arg [i386pe] ==> ignore
    arg [-Bdynamic] ==> ignore
    arg [-o] ==> ignore
    arg [cmTryCompileExec.exe] ==> ignore
    arg [/usr/lib/gcc/i686-w64-mingw32/4.6.1/../../../../i686-w64-mingw32/lib/../lib/crt2.o] ==> ignore
    arg [/usr/lib/gcc/i686-w64-mingw32/4.6.1/crtbegin.o] ==> ignore
    arg [-L/usr/lib/gcc/i686-w64-mingw32/4.6.1] ==> dir [/usr/lib/gcc/i686-w64-mingw32/4.6.1]
    arg [-L/usr/lib/gcc/i686-w64-mingw32/4.6.1/../../../../i686-w64-mingw32/lib/../lib] ==> dir [/usr/lib/gcc/i686-w64-mingw32/4.6.1/../../../../i686-w64-mingw32/lib/../lib]
    arg [-L/usr/lib/gcc/i686-w64-mingw32/4.6.1/../../../../i686-w64-mingw32/lib] ==> dir [/usr/lib/gcc/i686-w64-mingw32/4.6.1/../../../../i686-w64-mingw32/lib]
    arg [--whole-archive] ==> ignore
    arg [CMakeFiles/cmTryCompileExec.dir/objects.a] ==> ignore
    arg [--no-whole-archive] ==> ignore
    arg [--out-implib] ==> ignore
    arg [libcmTryCompileExec.dll.a] ==> ignore
    arg [--major-image-version] ==> ignore
    arg [0] ==> ignore
    arg [--minor-image-version] ==> ignore
    arg [0] ==> ignore
    arg [-lmingw32] ==> lib [mingw32]
    arg [-lgcc] ==> lib [gcc]
    arg [-lmoldname] ==> lib [moldname]
    arg [-lmingwex] ==> lib [mingwex]
    arg [-lmsvcrt] ==> lib [msvcrt]
    arg [-ladvapi32] ==> lib [advapi32]
    arg [-lshell32] ==> lib [shell32]
    arg [-luser32] ==> lib [user32]
    arg [-lkernel32] ==> lib [kernel32]
    arg [-lmingw32] ==> lib [mingw32]
    arg [-lgcc] ==> lib [gcc]
    arg [-lmoldname] ==> lib [moldname]
    arg [-lmingwex] ==> lib [mingwex]
    arg [-lmsvcrt] ==> lib [msvcrt]
    arg [/usr/lib/gcc/i686-w64-mingw32/4.6.1/crtend.o] ==> ignore
  remove lib [gcc]
  remove lib [gcc]
  collapse dir [/usr/lib/gcc/i686-w64-mingw32/4.6.1] ==> [/usr/lib/gcc/i686-w64-mingw32/4.6.1]
  collapse dir [/usr/lib/gcc/i686-w64-mingw32/4.6.1/../../../../i686-w64-mingw32/lib/../lib] ==> [/usr/i686-w64-mingw32/lib]
  collapse dir [/usr/lib/gcc/i686-w64-mingw32/4.6.1/../../../../i686-w64-mingw32/lib] ==> [/usr/i686-w64-mingw32/lib]
  implicit libs: [mingw32;moldname;mingwex;msvcrt;advapi32;shell32;user32;kernel32;mingw32;moldname;mingwex;msvcrt]
  implicit dirs: [/usr/lib/gcc/i686-w64-mingw32/4.6.1;/usr/i686-w64-mingw32/lib]


