This file contains any messages produced by compilers while
running configure, to aid debugging if configure makes a mistake.

It was created by libpng configure 1.5.5, which was
generated by GNU Autoconf 2.68.  Invocation command line was

  $ ./configure --host=i686-w64-mingw32 --prefix=/home/jaw/vsxu/build-dependencies-mingw-install/ --with-zlib-prefix=/home/jaw/vsxu/build-dependencies-mingw-install/

## --------- ##
## Platform. ##
## --------- ##

hostname = eris.vovoid
uname -m = x86_64
uname -r = 3.0.0-12-generic
uname -s = Linux
uname -v = #20-Ubuntu SMP Fri Oct 7 14:56:25 UTC 2011

/usr/bin/uname -p = unknown
/bin/uname -X     = unknown

/bin/arch              = unknown
/usr/bin/arch -k       = unknown
/usr/convex/getsysinfo = unknown
/usr/bin/hostinfo      = unknown
/bin/machine           = unknown
/usr/bin/oslevel       = unknown
/bin/universe          = unknown

PATH: /home/jaw/bin
PATH: /usr/local/sbin
PATH: /usr/local/bin
PATH: /usr/sbin
PATH: /usr/bin
PATH: /sbin
PATH: /bin
PATH: /usr/games


## ----------- ##
## Core tests. ##
## ----------- ##

configure:2305: checking for a BSD-compatible install
configure:2373: result: /usr/bin/install -c
configure:2384: checking whether build environment is sane
configure:2434: result: yes
configure:2483: checking for i686-w64-mingw32-strip
configure:2499: found /usr/bin/i686-w64-mingw32-strip
configure:2510: result: i686-w64-mingw32-strip
configure:2575: checking for a thread-safe mkdir -p
configure:2614: result: /bin/mkdir -p
configure:2627: checking for gawk
configure:2657: result: no
configure:2627: checking for mawk
configure:2643: found /usr/bin/mawk
configure:2654: result: mawk
configure:2665: checking whether make sets $(MAKE)
configure:2687: result: yes
configure:2768: checking whether to enable maintainer-specific portions of Makefiles
configure:2777: result: no
configure:2816: checking for i686-w64-mingw32-gcc
configure:2832: found /usr/bin/i686-w64-mingw32-gcc
configure:2843: result: i686-w64-mingw32-gcc
configure:3112: checking for C compiler version
configure:3121: i686-w64-mingw32-gcc --version >&5
i686-w64-mingw32-gcc (GCC) 4.6.1
Copyright (C) 2011 Free Software Foundation, Inc.
This is free software; see the source for copying conditions.  There is NO
warranty; not even for MERCHANTABILITY or FITNESS FOR A PARTICULAR PURPOSE.

configure:3132: $? = 0
configure:3121: i686-w64-mingw32-gcc -v >&5
Using built-in specs.
COLLECT_GCC=i686-w64-mingw32-gcc
COLLECT_LTO_WRAPPER=/usr/lib/gcc/i686-w64-mingw32/4.6.1/lto-wrapper
Target: i686-w64-mingw32
Configured with: ../../src/configure --build=x86_64-linux-gnu --prefix=/usr --includedir='/usr/include' --mandir='/usr/share/man' --infodir='/usr/share/info' --sysconfdir=/etc --localstatedir=/var --libexecdir='/usr/lib/gcc-mingw-w64' --disable-maintainer-mode --disable-dependency-tracking --prefix=/usr --disable-shared --disable-multilib --enable-linker-build-id --with-system-zlib --libexecdir=/usr/lib --without-included-gettext --libdir=/usr/lib --enable-libstdcxx-time=yes --with-tune=generic --enable-version-specific-runtime-libs --enable-languages=c,c++,fortran --enable-lto --with-plugin-ld --enable-fully-dynamic-string --target=i686-w64-mingw32 --with-gxx-include-dir=/usr/include/c++/4.6 --with-as=/usr/bin/i686-w64-mingw32-as --with-ld=/usr/bin/i686-w64-mingw32-ld
Thread model: win32
gcc version 4.6.1 (GCC) 
configure:3132: $? = 0
configure:3121: i686-w64-mingw32-gcc -V >&5
i686-w64-mingw32-gcc: error: unrecognized option '-V'
i686-w64-mingw32-gcc: fatal error: no input files
compilation terminated.
configure:3132: $? = 4
configure:3121: i686-w64-mingw32-gcc -qversion >&5
i686-w64-mingw32-gcc: error: unrecognized option '-qversion'
i686-w64-mingw32-gcc: fatal error: no input files
compilation terminated.
configure:3132: $? = 4
configure:3152: checking whether the C compiler works
configure:3174: i686-w64-mingw32-gcc    conftest.c  >&5
configure:3178: $? = 0
configure:3226: result: yes
configure:3229: checking for C compiler default output file name
configure:3231: result: a.exe
configure:3237: checking for suffix of executables
configure:3244: i686-w64-mingw32-gcc -o conftest.exe    conftest.c  >&5
configure:3248: $? = 0
configure:3270: result: .exe
configure:3292: checking whether we are cross compiling
configure:3300: i686-w64-mingw32-gcc -o conftest.exe    conftest.c  >&5
configure:3304: $? = 0
configure:3311: ./conftest.exe
run-detectors: unable to find an interpreter for ./conftest.exe
configure:3315: $? = 2
configure:3330: result: yes
configure:3335: checking for suffix of object files
configure:3357: i686-w64-mingw32-gcc -c   conftest.c >&5
configure:3361: $? = 0
configure:3382: result: o
configure:3386: checking whether we are using the GNU C compiler
configure:3405: i686-w64-mingw32-gcc -c   conftest.c >&5
configure:3405: $? = 0
configure:3414: result: yes
configure:3423: checking whether i686-w64-mingw32-gcc accepts -g
configure:3443: i686-w64-mingw32-gcc -c -g  conftest.c >&5
configure:3443: $? = 0
configure:3484: result: yes
configure:3501: checking for i686-w64-mingw32-gcc option to accept ISO C89
configure:3565: i686-w64-mingw32-gcc  -c -g -O2  conftest.c >&5
configure:3565: $? = 0
configure:3578: result: none needed
configure:3609: checking for style of include used by make
configure:3637: result: GNU
configure:3662: checking dependency style of i686-w64-mingw32-gcc
configure:3772: result: gcc3
configure:3791: checking build system type
configure:3805: result: x86_64-unknown-linux-gnu
configure:3825: checking host system type
configure:3838: result: i686-w64-mingw32
configure:3858: checking for a sed that does not truncate output
configure:3922: result: /bin/sed
configure:3940: checking for grep that handles long lines and -e
configure:3998: result: /bin/grep
configure:4003: checking for egrep
configure:4065: result: /bin/grep -E
configure:4070: checking for fgrep
configure:4132: result: /bin/grep -F
configure:4159: checking how to print strings
configure:4186: result: printf
configure:4219: checking for ld used by i686-w64-mingw32-gcc
configure:4286: result: /usr/bin/i686-w64-mingw32-ld
configure:4293: checking if the linker (/usr/bin/i686-w64-mingw32-ld) is GNU ld
configure:4308: result: yes
configure:4325: checking how to run the C preprocessor
configure:4356: i686-w64-mingw32-gcc -E  conftest.c
configure:4356: $? = 0
configure:4370: i686-w64-mingw32-gcc -E  conftest.c
conftest.c:11:28: fatal error: ac_nonexistent.h: No such file or directory
compilation terminated.
configure:4370: $? = 1
configure: failed program was:
| /* confdefs.h */
| #define PACKAGE_NAME "libpng"
| #define PACKAGE_TARNAME "libpng"
| #define PACKAGE_VERSION "1.5.5"
| #define PACKAGE_STRING "libpng 1.5.5"
| #define PACKAGE_BUGREPORT "png-mng-implement@lists.sourceforge.net"
| #define PACKAGE_URL ""
| #define PACKAGE "libpng"
| #define VERSION "1.5.5"
| /* end confdefs.h.  */
| #include <ac_nonexistent.h>
configure:4395: result: i686-w64-mingw32-gcc -E
configure:4415: i686-w64-mingw32-gcc -E  conftest.c
configure:4415: $? = 0
configure:4429: i686-w64-mingw32-gcc -E  conftest.c
conftest.c:11:28: fatal error: ac_nonexistent.h: No such file or directory
compilation terminated.
configure:4429: $? = 1
configure: failed program was:
| /* confdefs.h */
| #define PACKAGE_NAME "libpng"
| #define PACKAGE_TARNAME "libpng"
| #define PACKAGE_VERSION "1.5.5"
| #define PACKAGE_STRING "libpng 1.5.5"
| #define PACKAGE_BUGREPORT "png-mng-implement@lists.sourceforge.net"
| #define PACKAGE_URL ""
| #define PACKAGE "libpng"
| #define VERSION "1.5.5"
| /* end confdefs.h.  */
| #include <ac_nonexistent.h>
configure:4460: checking for i686-w64-mingw32-sed
configure:4487: result: /bin/sed
configure:4552: checking for i686-w64-mingw32-awk
configure:4579: result: mawk
configure:4642: checking whether ln -s works
configure:4646: result: yes
configure:4653: checking whether make sets $(MAKE)
configure:4675: result: yes
configure:4726: checking for BSD- or MS-compatible name lister (nm)
configure:4775: result: /usr/bin/i686-w64-mingw32-nm -B
configure:4905: checking the name lister (/usr/bin/i686-w64-mingw32-nm -B) interface
configure:4912: i686-w64-mingw32-gcc -c -g -O2  conftest.c >&5
configure:4915: /usr/bin/i686-w64-mingw32-nm -B "conftest.o"
configure:4918: output
00000000 b .bss
00000000 d .data
00000000 N .debug_abbrev
00000000 N .debug_info
00000000 N .debug_line
00000000 t .text
00000000 B _some_variable
configure:4925: result: BSD nm
configure:4929: checking the maximum length of command line arguments
configure:5054: result: 1572864
configure:5071: checking whether the shell understands some XSI constructs
configure:5081: result: yes
configure:5085: checking whether the shell understands "+="
configure:5091: result: yes
configure:5126: checking how to convert x86_64-unknown-linux-gnu file names to i686-w64-mingw32 format
configure:5166: result: func_convert_file_nix_to_w32
configure:5173: checking how to convert x86_64-unknown-linux-gnu file names to toolchain format
configure:5193: result: func_convert_file_noop
configure:5200: checking for /usr/bin/i686-w64-mingw32-ld option to reload object files
configure:5207: result: -r
configure:5241: checking for i686-w64-mingw32-objdump
configure:5257: found /usr/bin/i686-w64-mingw32-objdump
configure:5268: result: i686-w64-mingw32-objdump
configure:5337: checking how to recognize dependent libraries
configure:5539: result: file_magic ^x86 archive import|^x86 DLL
configure:5584: checking for i686-w64-mingw32-dlltool
configure:5600: found /usr/bin/i686-w64-mingw32-dlltool
configure:5611: result: i686-w64-mingw32-dlltool
configure:5681: checking how to associate runtime and link libraries
configure:5708: result: func_cygming_dll_for_implib
configure:5725: checking for i686-w64-mingw32-ar
configure:5741: found /usr/bin/i686-w64-mingw32-ar
configure:5752: result: i686-w64-mingw32-ar
configure:5833: checking for archiver @FILE support
configure:5850: i686-w64-mingw32-gcc -c -g -O2  conftest.c >&5
configure:5850: $? = 0
configure:5853: i686-w64-mingw32-ar cru libconftest.a @conftest.lst >&5
configure:5856: $? = 0
configure:5861: i686-w64-mingw32-ar cru libconftest.a @conftest.lst >&5
i686-w64-mingw32-ar: conftest.o: No such file or directory
configure:5864: $? = 1
configure:5876: result: @
configure:5894: checking for i686-w64-mingw32-strip
configure:5921: result: i686-w64-mingw32-strip
configure:5993: checking for i686-w64-mingw32-ranlib
configure:6009: found /usr/bin/i686-w64-mingw32-ranlib
configure:6020: result: i686-w64-mingw32-ranlib
configure:6162: checking command to parse /usr/bin/i686-w64-mingw32-nm -B output from i686-w64-mingw32-gcc object
configure:6281: i686-w64-mingw32-gcc -c -g -O2  conftest.c >&5
configure:6284: $? = 0
configure:6288: /usr/bin/i686-w64-mingw32-nm -B conftest.o \| sed -n -e 's/^.*[ ]\([ABCDGIRSTW][ABCDGIRSTW]*\)[ ][ ]*\([_A-Za-z][_A-Za-z0-9]*\)$/\1 \2 \2/p' | sed '/ __gnu_lto/d' \> conftest.nm
configure:6291: $? = 0
cannot find nm_test_var in conftest.nm
configure:6281: i686-w64-mingw32-gcc -c -g -O2  conftest.c >&5
configure:6284: $? = 0
configure:6288: /usr/bin/i686-w64-mingw32-nm -B conftest.o \| sed -n -e 's/^.*[ ]\([ABCDGIRSTW][ABCDGIRSTW]*\)[ ][ ]*_\([_A-Za-z][_A-Za-z0-9]*\)$/\1 _\2 \2/p' | sed '/ __gnu_lto/d' \> conftest.nm
configure:6291: $? = 0
configure:6357: i686-w64-mingw32-gcc -o conftest.exe -g -O2   conftest.c conftstm.o >&5
configure:6360: $? = 0
configure:6398: result: ok
configure:6435: checking for sysroot
configure:6465: result: no
configure:6668: checking for i686-w64-mingw32-mt
configure:6698: result: no
configure:6708: checking for mt
configure:6724: found /bin/mt
configure:6735: result: mt
configure:6747: WARNING: using cross tools not prefixed with host triplet
configure:6758: checking if mt is a manifest tool
configure:6764: mt '-?'
configure:6772: result: no
configure:7400: checking for ANSI C header files
configure:7420: i686-w64-mingw32-gcc -c -g -O2  conftest.c >&5
configure:7420: $? = 0
configure:7504: result: yes
configure:7517: checking for sys/types.h
configure:7517: i686-w64-mingw32-gcc -c -g -O2  conftest.c >&5
configure:7517: $? = 0
configure:7517: result: yes
configure:7517: checking for sys/stat.h
configure:7517: i686-w64-mingw32-gcc -c -g -O2  conftest.c >&5
configure:7517: $? = 0
configure:7517: result: yes
configure:7517: checking for stdlib.h
configure:7517: i686-w64-mingw32-gcc -c -g -O2  conftest.c >&5
configure:7517: $? = 0
configure:7517: result: yes
configure:7517: checking for string.h
configure:7517: i686-w64-mingw32-gcc -c -g -O2  conftest.c >&5
configure:7517: $? = 0
configure:7517: result: yes
configure:7517: checking for memory.h
configure:7517: i686-w64-mingw32-gcc -c -g -O2  conftest.c >&5
configure:7517: $? = 0
configure:7517: result: yes
configure:7517: checking for strings.h
configure:7517: i686-w64-mingw32-gcc -c -g -O2  conftest.c >&5
configure:7517: $? = 0
configure:7517: result: yes
configure:7517: checking for inttypes.h
configure:7517: i686-w64-mingw32-gcc -c -g -O2  conftest.c >&5
configure:7517: $? = 0
configure:7517: result: yes
configure:7517: checking for stdint.h
configure:7517: i686-w64-mingw32-gcc -c -g -O2  conftest.c >&5
configure:7517: $? = 0
configure:7517: result: yes
configure:7517: checking for unistd.h
configure:7517: i686-w64-mingw32-gcc -c -g -O2  conftest.c >&5
configure:7517: $? = 0
configure:7517: result: yes
configure:7531: checking for dlfcn.h
configure:7531: i686-w64-mingw32-gcc -c -g -O2  conftest.c >&5
conftest.c:55:19: fatal error: dlfcn.h: No such file or directory
compilation terminated.
configure:7531: $? = 1
configure: failed program was:
| /* confdefs.h */
| #define PACKAGE_NAME "libpng"
| #define PACKAGE_TARNAME "libpng"
| #define PACKAGE_VERSION "1.5.5"
| #define PACKAGE_STRING "libpng 1.5.5"
| #define PACKAGE_BUGREPORT "png-mng-implement@lists.sourceforge.net"
| #define PACKAGE_URL ""
| #define PACKAGE "libpng"
| #define VERSION "1.5.5"
| #define STDC_HEADERS 1
| #define HAVE_SYS_TYPES_H 1
| #define HAVE_SYS_STAT_H 1
| #define HAVE_STDLIB_H 1
| #define HAVE_STRING_H 1
| #define HAVE_MEMORY_H 1
| #define HAVE_STRINGS_H 1
| #define HAVE_INTTYPES_H 1
| #define HAVE_STDINT_H 1
| #define HAVE_UNISTD_H 1
| /* end confdefs.h.  */
| #include <stdio.h>
| #ifdef HAVE_SYS_TYPES_H
| # include <sys/types.h>
| #endif
| #ifdef HAVE_SYS_STAT_H
| # include <sys/stat.h>
| #endif
| #ifdef STDC_HEADERS
| # include <stdlib.h>
| # include <stddef.h>
| #else
| # ifdef HAVE_STDLIB_H
| #  include <stdlib.h>
| # endif
| #endif
| #ifdef HAVE_STRING_H
| # if !defined STDC_HEADERS && defined HAVE_MEMORY_H
| #  include <memory.h>
| # endif
| # include <string.h>
| #endif
| #ifdef HAVE_STRINGS_H
| # include <strings.h>
| #endif
| #ifdef HAVE_INTTYPES_H
| # include <inttypes.h>
| #endif
| #ifdef HAVE_STDINT_H
| # include <stdint.h>
| #endif
| #ifdef HAVE_UNISTD_H
| # include <unistd.h>
| #endif
| 
| #include <dlfcn.h>
configure:7531: result: no
configure:7554: checking for i686-w64-mingw32-as
configure:7570: found /usr/bin/i686-w64-mingw32-as
configure:7581: result: i686-w64-mingw32-as
configure:7646: checking for i686-w64-mingw32-dlltool
configure:7673: result: i686-w64-mingw32-dlltool
configure:7738: checking for i686-w64-mingw32-objdump
configure:7765: result: i686-w64-mingw32-objdump
configure:8016: checking for objdir
configure:8031: result: .libs
configure:8298: checking if i686-w64-mingw32-gcc supports -fno-rtti -fno-exceptions
configure:8316: i686-w64-mingw32-gcc -c -g -O2  -fno-rtti -fno-exceptions conftest.c >&5
cc1: warning: command line option '-fno-rtti' is valid for C++/ObjC++ but not for C [enabled by default]
configure:8320: $? = 0
configure:8333: result: no
configure:8643: checking for i686-w64-mingw32-gcc option to produce PIC
configure:8650: result: -DDLL_EXPORT -DPIC
configure:8658: checking if i686-w64-mingw32-gcc PIC flag -DDLL_EXPORT -DPIC works
configure:8676: i686-w64-mingw32-gcc -c -g -O2  -DDLL_EXPORT -DPIC -DPIC conftest.c >&5
configure:8680: $? = 0
configure:8693: result: yes
configure:8722: checking if i686-w64-mingw32-gcc static flag -static works
configure:8750: result: yes
configure:8765: checking if i686-w64-mingw32-gcc supports -c -o file.o
configure:8786: i686-w64-mingw32-gcc -c -g -O2  -o out/conftest2.o conftest.c >&5
configure:8790: $? = 0
configure:8812: result: yes
configure:8820: checking if i686-w64-mingw32-gcc supports -c -o file.o
configure:8867: result: yes
configure:8900: checking whether the i686-w64-mingw32-gcc linker (/usr/bin/i686-w64-mingw32-ld) supports shared libraries
configure:10058: result: yes
configure:10095: checking whether -lc should be explicitly linked in
configure:10103: i686-w64-mingw32-gcc -c -g -O2  conftest.c >&5
configure:10106: $? = 0
configure:10121: i686-w64-mingw32-gcc -shared conftest.o  -v -o ./conftest -Wl,--enable-auto-image-base -Xlinker --out-implib -Xlinker conftest 2\>\&1 \| /bin/grep  -lc  \>/dev/null 2\>\&1
configure:10124: $? = 1
configure:10138: result: yes
configure:10303: checking dynamic linker characteristics
configure:11039: result: Win32 ld.exe
configure:11146: checking how to hardcode library paths into programs
configure:11171: result: immediate
configure:11711: checking whether stripping libraries is possible
configure:11716: result: yes
configure:11751: checking if libtool supports shared libraries
configure:11753: result: yes
configure:11756: checking whether to build shared libraries
configure:11777: result: yes
configure:11780: checking whether to build static libraries
configure:11784: result: yes
configure:11824: checking for a C preprocessor that does not parse its input
configure:11830: i686-w64-mingw32-gcc -E  conftest.c
configure:11830: $? = 0
configure:11850: result: i686-w64-mingw32-gcc -E
configure:11861: checking for ANSI C header files
configure:11965: result: yes
configure:11976: checking malloc.h usability
configure:11976: i686-w64-mingw32-gcc -c -g -O2  conftest.c >&5
configure:11976: $? = 0
configure:11976: result: yes
configure:11976: checking malloc.h presence
configure:11976: i686-w64-mingw32-gcc -E  conftest.c
configure:11976: $? = 0
configure:11976: result: yes
configure:11976: checking for malloc.h
configure:11976: result: yes
configure:11976: checking for stdlib.h
configure:11976: result: yes
configure:11976: checking for string.h
configure:11976: result: yes
configure:11976: checking for strings.h
configure:11976: result: yes
configure:11988: checking for an ANSI C-conforming const
configure:12053: i686-w64-mingw32-gcc -c -g -O2  conftest.c >&5
configure:12053: $? = 0
configure:12060: result: yes
configure:12068: checking for size_t
configure:12068: i686-w64-mingw32-gcc -c -g -O2  conftest.c >&5
configure:12068: $? = 0
configure:12068: i686-w64-mingw32-gcc -c -g -O2  conftest.c >&5
conftest.c: In function 'main':
conftest.c:63:21: error: expected expression before ')' token
configure:12068: $? = 1
configure: failed program was:
| /* confdefs.h */
| #define PACKAGE_NAME "libpng"
| #define PACKAGE_TARNAME "libpng"
| #define PACKAGE_VERSION "1.5.5"
| #define PACKAGE_STRING "libpng 1.5.5"
| #define PACKAGE_BUGREPORT "png-mng-implement@lists.sourceforge.net"
| #define PACKAGE_URL ""
| #define PACKAGE "libpng"
| #define VERSION "1.5.5"
| #define STDC_HEADERS 1
| #define HAVE_SYS_TYPES_H 1
| #define HAVE_SYS_STAT_H 1
| #define HAVE_STDLIB_H 1
| #define HAVE_STRING_H 1
| #define HAVE_MEMORY_H 1
| #define HAVE_STRINGS_H 1
| #define HAVE_INTTYPES_H 1
| #define HAVE_STDINT_H 1
| #define HAVE_UNISTD_H 1
| #define LT_OBJDIR ".libs/"
| #define STDC_HEADERS 1
| #define HAVE_MALLOC_H 1
| #define HAVE_STDLIB_H 1
| #define HAVE_STRING_H 1
| #define HAVE_STRINGS_H 1
| /* end confdefs.h.  */
| #include <stdio.h>
| #ifdef HAVE_SYS_TYPES_H
| # include <sys/types.h>
| #endif
| #ifdef HAVE_SYS_STAT_H
| # include <sys/stat.h>
| #endif
| #ifdef STDC_HEADERS
| # include <stdlib.h>
| # include <stddef.h>
| #else
| # ifdef HAVE_STDLIB_H
| #  include <stdlib.h>
| # endif
| #endif
| #ifdef HAVE_STRING_H
| # if !defined STDC_HEADERS && defined HAVE_MEMORY_H
| #  include <memory.h>
| # endif
| # include <string.h>
| #endif
| #ifdef HAVE_STRINGS_H
| # include <strings.h>
| #endif
| #ifdef HAVE_INTTYPES_H
| # include <inttypes.h>
| #endif
| #ifdef HAVE_STDINT_H
| # include <stdint.h>
| #endif
| #ifdef HAVE_UNISTD_H
| # include <unistd.h>
| #endif
| int
| main ()
| {
| if (sizeof ((size_t)))
| 	    return 0;
|   ;
|   return 0;
| }
configure:12068: result: yes
configure:12079: checking whether struct tm is in sys/time.h or time.h
configure:12099: i686-w64-mingw32-gcc -c -g -O2  conftest.c >&5
configure:12099: $? = 0
configure:12106: result: time.h
configure:12116: checking for working strtod
configure:12167: result: no
configure:12176: checking for pow
configure:12176: i686-w64-mingw32-gcc -o conftest.exe -g -O2   conftest.c  >&5
conftest.c:50:6: warning: conflicting types for built-in function 'pow' [enabled by default]
configure:12176: $? = 0
configure:12176: result: yes
configure:12231: checking for memset
configure:12231: i686-w64-mingw32-gcc -o conftest.exe -g -O2   conftest.c  >&5
conftest.c:50:6: warning: conflicting types for built-in function 'memset' [enabled by default]
configure:12231: $? = 0
configure:12231: result: yes
configure:12244: checking for pow
configure:12244: result: yes
configure:12309: checking for zlibVersion in -lz
configure:12334: i686-w64-mingw32-gcc -o conftest.exe -g -O2   conftest.c -lz   >&5
/usr/bin/i686-w64-mingw32-ld: cannot find -lz
collect2: ld returned 1 exit status
configure:12334: $? = 1
configure: failed program was:
| /* confdefs.h */
| #define PACKAGE_NAME "libpng"
| #define PACKAGE_TARNAME "libpng"
| #define PACKAGE_VERSION "1.5.5"
| #define PACKAGE_STRING "libpng 1.5.5"
| #define PACKAGE_BUGREPORT "png-mng-implement@lists.sourceforge.net"
| #define PACKAGE_URL ""
| #define PACKAGE "libpng"
| #define VERSION "1.5.5"
| #define STDC_HEADERS 1
| #define HAVE_SYS_TYPES_H 1
| #define HAVE_SYS_STAT_H 1
| #define HAVE_STDLIB_H 1
| #define HAVE_STRING_H 1
| #define HAVE_MEMORY_H 1
| #define HAVE_STRINGS_H 1
| #define HAVE_INTTYPES_H 1
| #define HAVE_STDINT_H 1
| #define HAVE_UNISTD_H 1
| #define LT_OBJDIR ".libs/"
| #define STDC_HEADERS 1
| #define HAVE_MALLOC_H 1
| #define HAVE_STDLIB_H 1
| #define HAVE_STRING_H 1
| #define HAVE_STRINGS_H 1
| #define HAVE_MEMSET 1
| #define HAVE_POW 1
| /* end confdefs.h.  */
| 
| /* Override any GCC internal prototype to avoid an error.
|    Use char because int might match the return type of a GCC
|    builtin and then its argument prototype would still apply.  */
| #ifdef __cplusplus
| extern "C"
| #endif
| char zlibVersion ();
| int
| main ()
| {
| return zlibVersion ();
|   ;
|   return 0;
| }
configure:12343: result: no
configure:12354: checking for /home/jaw/vsxu/build-dependencies-mingw-install/zlibVersion in -lz
configure:12379: i686-w64-mingw32-gcc -o conftest.exe -g -O2   conftest.c -lz   >&5
conftest.c:36:6: error: expected identifier or '(' before '/' token
conftest.c: In function 'main':
conftest.c:40:8: error: expected expression before '/' token
configure:12379: $? = 1
configure: failed program was:
| /* confdefs.h */
| #define PACKAGE_NAME "libpng"
| #define PACKAGE_TARNAME "libpng"
| #define PACKAGE_VERSION "1.5.5"
| #define PACKAGE_STRING "libpng 1.5.5"
| #define PACKAGE_BUGREPORT "png-mng-implement@lists.sourceforge.net"
| #define PACKAGE_URL ""
| #define PACKAGE "libpng"
| #define VERSION "1.5.5"
| #define STDC_HEADERS 1
| #define HAVE_SYS_TYPES_H 1
| #define HAVE_SYS_STAT_H 1
| #define HAVE_STDLIB_H 1
| #define HAVE_STRING_H 1
| #define HAVE_MEMORY_H 1
| #define HAVE_STRINGS_H 1
| #define HAVE_INTTYPES_H 1
| #define HAVE_STDINT_H 1
| #define HAVE_UNISTD_H 1
| #define LT_OBJDIR ".libs/"
| #define STDC_HEADERS 1
| #define HAVE_MALLOC_H 1
| #define HAVE_STDLIB_H 1
| #define HAVE_STRING_H 1
| #define HAVE_STRINGS_H 1
| #define HAVE_MEMSET 1
| #define HAVE_POW 1
| /* end confdefs.h.  */
| 
| /* Override any GCC internal prototype to avoid an error.
|    Use char because int might match the return type of a GCC
|    builtin and then its argument prototype would still apply.  */
| #ifdef __cplusplus
| extern "C"
| #endif
| char /home/jaw/vsxu/build-dependencies-mingw-install/zlibVersion ();
| int
| main ()
| {
| return /home/jaw/vsxu/build-dependencies-mingw-install/zlibVersion ();
|   ;
|   return 0;
| }
configure:12389: result: no
configure:12399: error: zlib not installed

## ---------------- ##
## Cache variables. ##
## ---------------- ##

ac_cv_build=x86_64-unknown-linux-gnu
ac_cv_c_compiler_gnu=yes
ac_cv_c_const=yes
ac_cv_env_CC_set=
ac_cv_env_CC_value=
ac_cv_env_CFLAGS_set=
ac_cv_env_CFLAGS_value=
ac_cv_env_CPPFLAGS_set=
ac_cv_env_CPPFLAGS_value=
ac_cv_env_CPP_set=
ac_cv_env_CPP_value=
ac_cv_env_LDFLAGS_set=
ac_cv_env_LDFLAGS_value=
ac_cv_env_LIBS_set=
ac_cv_env_LIBS_value=
ac_cv_env_build_alias_set=
ac_cv_env_build_alias_value=
ac_cv_env_host_alias_set=set
ac_cv_env_host_alias_value=i686-w64-mingw32
ac_cv_env_target_alias_set=
ac_cv_env_target_alias_value=
ac_cv_exeext=.exe
ac_cv_func_memset=yes
ac_cv_func_pow=yes
ac_cv_func_strtod=no
ac_cv_header_dlfcn_h=no
ac_cv_header_inttypes_h=yes
ac_cv_header_malloc_h=yes
ac_cv_header_memory_h=yes
ac_cv_header_stdc=yes
ac_cv_header_stdint_h=yes
ac_cv_header_stdlib_h=yes
ac_cv_header_string_h=yes
ac_cv_header_strings_h=yes
ac_cv_header_sys_stat_h=yes
ac_cv_header_sys_types_h=yes
ac_cv_header_unistd_h=yes
ac_cv_host=i686-w64-mingw32
ac_cv_lib_z__home_jaw_vsxu_build_dependencies_mingw_install_zlibVersion=no
ac_cv_lib_z_zlibVersion=no
ac_cv_objext=o
ac_cv_path_EGREP='/bin/grep -E'
ac_cv_path_FGREP='/bin/grep -F'
ac_cv_path_GREP=/bin/grep
ac_cv_path_SED=/bin/sed
ac_cv_path_install='/usr/bin/install -c'
ac_cv_path_mkdir=/bin/mkdir
ac_cv_prog_AR=i686-w64-mingw32-ar
ac_cv_prog_AS=i686-w64-mingw32-as
ac_cv_prog_AWK=mawk
ac_cv_prog_CC=i686-w64-mingw32-gcc
ac_cv_prog_CPP='i686-w64-mingw32-gcc -E'
ac_cv_prog_DLLTOOL=i686-w64-mingw32-dlltool
ac_cv_prog_OBJDUMP=i686-w64-mingw32-objdump
ac_cv_prog_RANLIB=i686-w64-mingw32-ranlib
ac_cv_prog_SED=/bin/sed
ac_cv_prog_STRIP=i686-w64-mingw32-strip
ac_cv_prog_ac_ct_MANIFEST_TOOL=mt
ac_cv_prog_cc_c89=
ac_cv_prog_cc_g=yes
ac_cv_prog_make_make_set=yes
ac_cv_struct_tm=time.h
ac_cv_type_size_t=yes
am_cv_CC_dependencies_compiler_type=gcc3
lt_cv_ar_at_file=@
lt_cv_archive_cmds_need_lc=yes
lt_cv_deplibs_check_method='file_magic ^x86 archive import|^x86 DLL'
lt_cv_file_magic_cmd=func_win32_libid
lt_cv_file_magic_test_file=
lt_cv_ld_reload_flag=-r
lt_cv_nm_interface='BSD nm'
lt_cv_objdir=.libs
lt_cv_path_LD=/usr/bin/i686-w64-mingw32-ld
lt_cv_path_NM='/usr/bin/i686-w64-mingw32-nm -B'
lt_cv_path_mainfest_tool=no
lt_cv_prog_compiler_c_o=yes
lt_cv_prog_compiler_pic='-DDLL_EXPORT -DPIC'
lt_cv_prog_compiler_pic_works=yes
lt_cv_prog_compiler_rtti_exceptions=no
lt_cv_prog_compiler_static_works=yes
lt_cv_prog_gnu_ld=yes
lt_cv_sharedlib_from_linklib_cmd=func_cygming_dll_for_implib
lt_cv_sys_global_symbol_pipe='sed -n -e '\''s/^.*[	 ]\([ABCDGIRSTW][ABCDGIRSTW]*\)[	 ][	 ]*_\([_A-Za-z][_A-Za-z0-9]*\)$/\1 _\2 \2/p'\'' | sed '\''/ __gnu_lto/d'\'''
lt_cv_sys_global_symbol_to_c_name_address='sed -n -e '\''s/^: \([^ ]*\)[ ]*$/  {\"\1\", (void *) 0},/p'\'' -e '\''s/^[ABCDGIRSTW]* \([^ ]*\) \([^ ]*\)$/  {"\2", (void *) \&\2},/p'\'''
lt_cv_sys_global_symbol_to_c_name_address_lib_prefix='sed -n -e '\''s/^: \([^ ]*\)[ ]*$/  {\"\1\", (void *) 0},/p'\'' -e '\''s/^[ABCDGIRSTW]* \([^ ]*\) \(lib[^ ]*\)$/  {"\2", (void *) \&\2},/p'\'' -e '\''s/^[ABCDGIRSTW]* \([^ ]*\) \([^ ]*\)$/  {"lib\2", (void *) \&\2},/p'\'''
lt_cv_sys_global_symbol_to_cdecl='sed -n -e '\''s/^T .* \(.*\)$/extern int \1();/p'\'' -e '\''s/^[ABCDGIRSTW]* .* \(.*\)$/extern char \1;/p'\'''
lt_cv_sys_max_cmd_len=1572864
lt_cv_to_host_file_cmd=func_convert_file_nix_to_w32
lt_cv_to_tool_file_cmd=func_convert_file_noop

## ----------------- ##
## Output variables. ##
## ----------------- ##

ACLOCAL='${SHELL} /home/jaw/vsxu/vsxu-dependencies/libpng-1.5.5/missing --run aclocal-1.11'
AMDEPBACKSLASH='\'
AMDEP_FALSE='#'
AMDEP_TRUE=''
AMTAR='${SHELL} /home/jaw/vsxu/vsxu-dependencies/libpng-1.5.5/missing --run tar'
AR='i686-w64-mingw32-ar'
AS='i686-w64-mingw32-as'
AUTOCONF='${SHELL} /home/jaw/vsxu/vsxu-dependencies/libpng-1.5.5/missing --run autoconf'
AUTOHEADER='${SHELL} /home/jaw/vsxu/vsxu-dependencies/libpng-1.5.5/missing --run autoheader'
AUTOMAKE='${SHELL} /home/jaw/vsxu/vsxu-dependencies/libpng-1.5.5/missing --run automake-1.11'
AWK='mawk'
CC='i686-w64-mingw32-gcc'
CCDEPMODE='depmode=gcc3'
CFLAGS='-g -O2'
CPP='i686-w64-mingw32-gcc -E'
CPPFLAGS=''
CYGPATH_W='echo'
DEFS=''
DEPDIR='.deps'
DFNCPP='i686-w64-mingw32-gcc -E'
DLLTOOL='i686-w64-mingw32-dlltool'
DSYMUTIL=''
DUMPBIN=''
ECHO_C=''
ECHO_N='-n'
ECHO_T=''
EGREP='/bin/grep -E'
EXEEXT='.exe'
FGREP='/bin/grep -F'
GREP='/bin/grep'
HAVE_LD_VERSION_SCRIPT_FALSE=''
HAVE_LD_VERSION_SCRIPT_TRUE=''
HAVE_SOLARIS_LD_FALSE=''
HAVE_SOLARIS_LD_TRUE=''
INSTALL_DATA='${INSTALL} -m 644'
INSTALL_PROGRAM='${INSTALL}'
INSTALL_SCRIPT='${INSTALL}'
INSTALL_STRIP_PROGRAM='$(install_sh) -c -s'
LD='/usr/bin/i686-w64-mingw32-ld'
LDFLAGS=''
LIBOBJS=' strtod.o'
LIBPNG_DEFINES=''
LIBS=''
LIBTOOL='$(SHELL) $(top_builddir)/libtool'
LIPO=''
LN_S='ln -s'
LTLIBOBJS=''
MAINT='#'
MAINTAINER_MODE_FALSE=''
MAINTAINER_MODE_TRUE='#'
MAKEINFO='${SHELL} /home/jaw/vsxu/vsxu-dependencies/libpng-1.5.5/missing --run makeinfo'
MANIFEST_TOOL=':'
MKDIR_P='/bin/mkdir -p'
NM='/usr/bin/i686-w64-mingw32-nm -B'
NMEDIT=''
OBJDUMP='i686-w64-mingw32-objdump'
OBJEXT='o'
OTOOL64=''
OTOOL=''
PACKAGE='libpng'
PACKAGE_BUGREPORT='png-mng-implement@lists.sourceforge.net'
PACKAGE_NAME='libpng'
PACKAGE_STRING='libpng 1.5.5'
PACKAGE_TARNAME='libpng'
PACKAGE_URL=''
PACKAGE_VERSION='1.5.5'
PATH_SEPARATOR=':'
PNGLIB_MAJOR='1'
PNGLIB_MINOR='5'
PNGLIB_RELEASE='5'
PNGLIB_VERSION='1.5.5'
POW_LIB=''
RANLIB='i686-w64-mingw32-ranlib'
SED='/bin/sed'
SET_MAKE=''
SHELL='/bin/bash'
STRIP='i686-w64-mingw32-strip'
SYMBOL_PREFIX=''
VERSION='1.5.5'
ac_ct_AR=''
ac_ct_CC=''
ac_ct_DUMPBIN=''
am__EXEEXT_FALSE=''
am__EXEEXT_TRUE=''
am__fastdepCC_FALSE='#'
am__fastdepCC_TRUE=''
am__include='include'
am__isrc=''
am__leading_dot='.'
am__quote=''
am__tar='${AMTAR} chof - "$$tardir"'
am__untar='${AMTAR} xf -'
binconfigs=''
bindir='${exec_prefix}/bin'
build='x86_64-unknown-linux-gnu'
build_alias=''
build_cpu='x86_64'
build_os='linux-gnu'
build_vendor='unknown'
datadir='${datarootdir}'
datarootdir='${prefix}/share'
docdir='${datarootdir}/doc/${PACKAGE_TARNAME}'
dvidir='${docdir}'
exec_prefix='NONE'
host='i686-w64-mingw32'
host_alias='i686-w64-mingw32'
host_cpu='i686'
host_os='mingw32'
host_vendor='w64'
htmldir='${docdir}'
includedir='${prefix}/include'
infodir='${datarootdir}/info'
install_sh='${SHELL} /home/jaw/vsxu/vsxu-dependencies/libpng-1.5.5/install-sh'
libdir='${exec_prefix}/lib'
libexecdir='${exec_prefix}/libexec'
localedir='${datarootdir}/locale'
localstatedir='${prefix}/var'
mandir='${datarootdir}/man'
mkdir_p='/bin/mkdir -p'
oldincludedir='/usr/include'
pdfdir='${docdir}'
pkgconfigdir=''
prefix='/home/jaw/vsxu/build-dependencies-mingw-install'
program_transform_name='s,x,x,'
psdir='${docdir}'
sbindir='${exec_prefix}/sbin'
sharedstatedir='${prefix}/com'
sysconfdir='${prefix}/etc'
target_alias=''

## ----------- ##
## confdefs.h. ##
## ----------- ##

/* confdefs.h */
#define PACKAGE_NAME "libpng"
#define PACKAGE_TARNAME "libpng"
#define PACKAGE_VERSION "1.5.5"
#define PACKAGE_STRING "libpng 1.5.5"
#define PACKAGE_BUGREPORT "png-mng-implement@lists.sourceforge.net"
#define PACKAGE_URL ""
#define PACKAGE "libpng"
#define VERSION "1.5.5"
#define STDC_HEADERS 1
#define HAVE_SYS_TYPES_H 1
#define HAVE_SYS_STAT_H 1
#define HAVE_STDLIB_H 1
#define HAVE_STRING_H 1
#define HAVE_MEMORY_H 1
#define HAVE_STRINGS_H 1
#define HAVE_INTTYPES_H 1
#define HAVE_STDINT_H 1
#define HAVE_UNISTD_H 1
#define LT_OBJDIR ".libs/"
#define STDC_HEADERS 1
#define HAVE_MALLOC_H 1
#define HAVE_STDLIB_H 1
#define HAVE_STRING_H 1
#define HAVE_STRINGS_H 1
#define HAVE_MEMSET 1
#define HAVE_POW 1

configure: exit 1
