This file contains any messages produced by compilers while
running configure, to aid debugging if configure makes a mistake.

It was created by libjpeg configure 8.3.0, which was
generated by GNU Autoconf 2.68.  Invocation command line was

  $ ./configure --host=x86_64-w64-mingw32 --prefix=/home/jaw/vsxu/build/win64/dependencies-install

## --------- ##
## Platform. ##
## --------- ##

hostname = eris.vovoid
uname -m = x86_64
uname -r = 3.0.0-12-generic
uname -s = Linux
uname -v = #20-Ubuntu SMP Fri Oct 7 14:56:25 UTC 2011

/usr/bin/uname -p = unknown
/bin/uname -X     = unknown

/bin/arch              = unknown
/usr/bin/arch -k       = unknown
/usr/convex/getsysinfo = unknown
/usr/bin/hostinfo      = unknown
/bin/machine           = unknown
/usr/bin/oslevel       = unknown
/bin/universe          = unknown

PATH: /home/jaw/bin
PATH: /usr/local/sbin
PATH: /usr/local/bin
PATH: /usr/sbin
PATH: /usr/bin
PATH: /sbin
PATH: /bin
PATH: /usr/games
PATH: /opt/oracle/bin


## ----------- ##
## Core tests. ##
## ----------- ##

configure:2249: checking build system type
configure:2263: result: x86_64-unknown-linux-gnu
configure:2283: checking host system type
configure:2296: result: x86_64-w64-mingw32
configure:2316: checking target system type
configure:2329: result: x86_64-w64-mingw32
configure:2374: checking for a BSD-compatible install
configure:2442: result: /usr/bin/install -c
configure:2453: checking whether build environment is sane
configure:2503: result: yes
configure:2552: checking for x86_64-w64-mingw32-strip
configure:2568: found /usr/bin/x86_64-w64-mingw32-strip
configure:2579: result: x86_64-w64-mingw32-strip
configure:2644: checking for a thread-safe mkdir -p
configure:2683: result: /bin/mkdir -p
configure:2696: checking for gawk
configure:2726: result: no
configure:2696: checking for mawk
configure:2712: found /usr/bin/mawk
configure:2723: result: mawk
configure:2734: checking whether make sets $(MAKE)
configure:2756: result: yes
configure:2866: checking for style of include used by make
configure:2894: result: GNU
configure:2924: checking for x86_64-w64-mingw32-gcc
configure:2940: found /usr/bin/x86_64-w64-mingw32-gcc
configure:2951: result: x86_64-w64-mingw32-gcc
configure:3220: checking for C compiler version
configure:3229: x86_64-w64-mingw32-gcc --version >&5
x86_64-w64-mingw32-gcc (GCC) 4.6.1
Copyright (C) 2011 Free Software Foundation, Inc.
This is free software; see the source for copying conditions.  There is NO
warranty; not even for MERCHANTABILITY or FITNESS FOR A PARTICULAR PURPOSE.

configure:3240: $? = 0
configure:3229: x86_64-w64-mingw32-gcc -v >&5
Using built-in specs.
COLLECT_GCC=x86_64-w64-mingw32-gcc
COLLECT_LTO_WRAPPER=/usr/lib/gcc/x86_64-w64-mingw32/4.6.1/lto-wrapper
Target: x86_64-w64-mingw32
Configured with: ../../src/configure --build=x86_64-linux-gnu --prefix=/usr --includedir='/usr/include' --mandir='/usr/share/man' --infodir='/usr/share/info' --sysconfdir=/etc --localstatedir=/var --libexecdir='/usr/lib/gcc-mingw-w64' --disable-maintainer-mode --disable-dependency-tracking --prefix=/usr --disable-shared --disable-multilib --enable-linker-build-id --with-system-zlib --libexecdir=/usr/lib --without-included-gettext --libdir=/usr/lib --enable-libstdcxx-time=yes --with-tune=generic --enable-version-specific-runtime-libs --enable-languages=c,c++,fortran --enable-lto --with-plugin-ld --enable-fully-dynamic-string --target=x86_64-w64-mingw32 --with-gxx-include-dir=/usr/include/c++/4.6 --with-as=/usr/bin/x86_64-w64-mingw32-as --with-ld=/usr/bin/x86_64-w64-mingw32-ld
Thread model: win32
gcc version 4.6.1 (GCC) 
configure:3240: $? = 0
configure:3229: x86_64-w64-mingw32-gcc -V >&5
x86_64-w64-mingw32-gcc: error: unrecognized option '-V'
x86_64-w64-mingw32-gcc: fatal error: no input files
compilation terminated.
configure:3240: $? = 4
configure:3229: x86_64-w64-mingw32-gcc -qversion >&5
x86_64-w64-mingw32-gcc: error: unrecognized option '-qversion'
x86_64-w64-mingw32-gcc: fatal error: no input files
compilation terminated.
configure:3240: $? = 4
configure:3260: checking whether the C compiler works
configure:3282: x86_64-w64-mingw32-gcc    conftest.c  >&5
configure:3286: $? = 0
configure:3334: result: yes
configure:3337: checking for C compiler default output file name
configure:3339: result: a.exe
configure:3345: checking for suffix of executables
configure:3352: x86_64-w64-mingw32-gcc -o conftest.exe    conftest.c  >&5
configure:3356: $? = 0
configure:3378: result: .exe
configure:3400: checking whether we are cross compiling
configure:3408: x86_64-w64-mingw32-gcc -o conftest.exe    conftest.c  >&5
configure:3412: $? = 0
configure:3419: ./conftest.exe
err:process:create_process starting 64-bit process L"Z:\\home\\jaw\\vsxu\\build\\win64\\dependencies\\jpeg-8c\\conftest.exe" not supported in 32-bit wineprefix
wine: Bad EXE format for Z:\home\jaw\vsxu\build\win64\dependencies\jpeg-8c\conftest.exe
configure:3423: $? = 193
configure:3438: result: yes
configure:3443: checking for suffix of object files
configure:3465: x86_64-w64-mingw32-gcc -c   conftest.c >&5
configure:3469: $? = 0
configure:3490: result: o
configure:3494: checking whether we are using the GNU C compiler
configure:3513: x86_64-w64-mingw32-gcc -c   conftest.c >&5
configure:3513: $? = 0
configure:3522: result: yes
configure:3531: checking whether x86_64-w64-mingw32-gcc accepts -g
configure:3551: x86_64-w64-mingw32-gcc -c -g  conftest.c >&5
configure:3551: $? = 0
configure:3592: result: yes
configure:3609: checking for x86_64-w64-mingw32-gcc option to accept ISO C89
configure:3673: x86_64-w64-mingw32-gcc  -c -g -O2  conftest.c >&5
configure:3673: $? = 0
configure:3686: result: none needed
configure:3708: checking dependency style of x86_64-w64-mingw32-gcc
configure:3818: result: gcc3
configure:3833: checking for function prototypes
configure:3836: result: yes
configure:3855: checking how to run the C preprocessor
configure:3886: x86_64-w64-mingw32-gcc -E  conftest.c
configure:3886: $? = 0
configure:3900: x86_64-w64-mingw32-gcc -E  conftest.c
conftest.c:13:28: fatal error: ac_nonexistent.h: No such file or directory
compilation terminated.
configure:3900: $? = 1
configure: failed program was:
| /* confdefs.h */
| #define PACKAGE_NAME "libjpeg"
| #define PACKAGE_TARNAME "libjpeg"
| #define PACKAGE_VERSION "8.3.0"
| #define PACKAGE_STRING "libjpeg 8.3.0"
| #define PACKAGE_BUGREPORT ""
| #define PACKAGE_URL ""
| #define PACKAGE "libjpeg"
| #define VERSION "8.3.0"
| #define PROTOTYPES 1
| #define __PROTOTYPES 1
| /* end confdefs.h.  */
| #include <ac_nonexistent.h>
configure:3925: result: x86_64-w64-mingw32-gcc -E
configure:3945: x86_64-w64-mingw32-gcc -E  conftest.c
configure:3945: $? = 0
configure:3959: x86_64-w64-mingw32-gcc -E  conftest.c
conftest.c:13:28: fatal error: ac_nonexistent.h: No such file or directory
compilation terminated.
configure:3959: $? = 1
configure: failed program was:
| /* confdefs.h */
| #define PACKAGE_NAME "libjpeg"
| #define PACKAGE_TARNAME "libjpeg"
| #define PACKAGE_VERSION "8.3.0"
| #define PACKAGE_STRING "libjpeg 8.3.0"
| #define PACKAGE_BUGREPORT ""
| #define PACKAGE_URL ""
| #define PACKAGE "libjpeg"
| #define VERSION "8.3.0"
| #define PROTOTYPES 1
| #define __PROTOTYPES 1
| /* end confdefs.h.  */
| #include <ac_nonexistent.h>
configure:3988: checking for grep that handles long lines and -e
configure:4046: result: /bin/grep
configure:4051: checking for egrep
configure:4113: result: /bin/grep -E
configure:4118: checking for ANSI C header files
configure:4138: x86_64-w64-mingw32-gcc -c -g -O2  conftest.c >&5
configure:4138: $? = 0
configure:4222: result: yes
configure:4235: checking for sys/types.h
configure:4235: x86_64-w64-mingw32-gcc -c -g -O2  conftest.c >&5
configure:4235: $? = 0
configure:4235: result: yes
configure:4235: checking for sys/stat.h
configure:4235: x86_64-w64-mingw32-gcc -c -g -O2  conftest.c >&5
configure:4235: $? = 0
configure:4235: result: yes
configure:4235: checking for stdlib.h
configure:4235: x86_64-w64-mingw32-gcc -c -g -O2  conftest.c >&5
configure:4235: $? = 0
configure:4235: result: yes
configure:4235: checking for string.h
configure:4235: x86_64-w64-mingw32-gcc -c -g -O2  conftest.c >&5
configure:4235: $? = 0
configure:4235: result: yes
configure:4235: checking for memory.h
configure:4235: x86_64-w64-mingw32-gcc -c -g -O2  conftest.c >&5
configure:4235: $? = 0
configure:4235: result: yes
configure:4235: checking for strings.h
configure:4235: x86_64-w64-mingw32-gcc -c -g -O2  conftest.c >&5
configure:4235: $? = 0
configure:4235: result: yes
configure:4235: checking for inttypes.h
configure:4235: x86_64-w64-mingw32-gcc -c -g -O2  conftest.c >&5
configure:4235: $? = 0
configure:4235: result: yes
configure:4235: checking for stdint.h
configure:4235: x86_64-w64-mingw32-gcc -c -g -O2  conftest.c >&5
configure:4235: $? = 0
configure:4235: result: yes
configure:4235: checking for unistd.h
configure:4235: x86_64-w64-mingw32-gcc -c -g -O2  conftest.c >&5
configure:4235: $? = 0
configure:4235: result: yes
configure:4257: checking for string.h
configure:4257: result: yes
configure:4273: checking whether to enable maintainer-specific portions of Makefiles
configure:4282: result: no
configure:4305: checking for x86_64-w64-mingw32-gcc
configure:4332: result: x86_64-w64-mingw32-gcc
configure:4601: checking for C compiler version
configure:4610: x86_64-w64-mingw32-gcc --version >&5
x86_64-w64-mingw32-gcc (GCC) 4.6.1
Copyright (C) 2011 Free Software Foundation, Inc.
This is free software; see the source for copying conditions.  There is NO
warranty; not even for MERCHANTABILITY or FITNESS FOR A PARTICULAR PURPOSE.

configure:4621: $? = 0
configure:4610: x86_64-w64-mingw32-gcc -v >&5
Using built-in specs.
COLLECT_GCC=x86_64-w64-mingw32-gcc
COLLECT_LTO_WRAPPER=/usr/lib/gcc/x86_64-w64-mingw32/4.6.1/lto-wrapper
Target: x86_64-w64-mingw32
Configured with: ../../src/configure --build=x86_64-linux-gnu --prefix=/usr --includedir='/usr/include' --mandir='/usr/share/man' --infodir='/usr/share/info' --sysconfdir=/etc --localstatedir=/var --libexecdir='/usr/lib/gcc-mingw-w64' --disable-maintainer-mode --disable-dependency-tracking --prefix=/usr --disable-shared --disable-multilib --enable-linker-build-id --with-system-zlib --libexecdir=/usr/lib --without-included-gettext --libdir=/usr/lib --enable-libstdcxx-time=yes --with-tune=generic --enable-version-specific-runtime-libs --enable-languages=c,c++,fortran --enable-lto --with-plugin-ld --enable-fully-dynamic-string --target=x86_64-w64-mingw32 --with-gxx-include-dir=/usr/include/c++/4.6 --with-as=/usr/bin/x86_64-w64-mingw32-as --with-ld=/usr/bin/x86_64-w64-mingw32-ld
Thread model: win32
gcc version 4.6.1 (GCC) 
configure:4621: $? = 0
configure:4610: x86_64-w64-mingw32-gcc -V >&5
x86_64-w64-mingw32-gcc: error: unrecognized option '-V'
x86_64-w64-mingw32-gcc: fatal error: no input files
compilation terminated.
configure:4621: $? = 4
configure:4610: x86_64-w64-mingw32-gcc -qversion >&5
x86_64-w64-mingw32-gcc: error: unrecognized option '-qversion'
x86_64-w64-mingw32-gcc: fatal error: no input files
compilation terminated.
configure:4621: $? = 4
configure:4625: checking whether we are using the GNU C compiler
configure:4653: result: yes
configure:4662: checking whether x86_64-w64-mingw32-gcc accepts -g
configure:4723: result: yes
configure:4740: checking for x86_64-w64-mingw32-gcc option to accept ISO C89
configure:4817: result: none needed
configure:4839: checking dependency style of x86_64-w64-mingw32-gcc
configure:4949: result: gcc3
configure:4968: checking for x86_64-w64-mingw32-gcc option to accept ISO C99
configure:5117: x86_64-w64-mingw32-gcc  -c -g -O2  conftest.c >&5
conftest.c:74:29: error: expected ';', ',' or ')' before 'text'
conftest.c: In function 'main':
conftest.c:128:18: error: expected '=', ',', ';', 'asm' or '__attribute__' before 'newvar'
conftest.c:128:18: error: 'newvar' undeclared (first use in this function)
conftest.c:128:18: note: each undeclared identifier is reported only once for each function it appears in
conftest.c:138:3: error: 'for' loop initial declarations are only allowed in C99 mode
conftest.c:138:3: note: use option -std=c99 or -std=gnu99 to compile your code
configure:5117: $? = 1
configure: failed program was:
| /* confdefs.h */
| #define PACKAGE_NAME "libjpeg"
| #define PACKAGE_TARNAME "libjpeg"
| #define PACKAGE_VERSION "8.3.0"
| #define PACKAGE_STRING "libjpeg 8.3.0"
| #define PACKAGE_BUGREPORT ""
| #define PACKAGE_URL ""
| #define PACKAGE "libjpeg"
| #define VERSION "8.3.0"
| #define PROTOTYPES 1
| #define __PROTOTYPES 1
| #define STDC_HEADERS 1
| #define HAVE_SYS_TYPES_H 1
| #define HAVE_SYS_STAT_H 1
| #define HAVE_STDLIB_H 1
| #define HAVE_STRING_H 1
| #define HAVE_MEMORY_H 1
| #define HAVE_STRINGS_H 1
| #define HAVE_INTTYPES_H 1
| #define HAVE_STDINT_H 1
| #define HAVE_UNISTD_H 1
| #define HAVE_STRING_H 1
| /* end confdefs.h.  */
| #include <stdarg.h>
| #include <stdbool.h>
| #include <stdlib.h>
| #include <wchar.h>
| #include <stdio.h>
| 
| // Check varargs macros.  These examples are taken from C99 6.10.3.5.
| #define debug(...) fprintf (stderr, __VA_ARGS__)
| #define showlist(...) puts (#__VA_ARGS__)
| #define report(test,...) ((test) ? puts (#test) : printf (__VA_ARGS__))
| static void
| test_varargs_macros (void)
| {
|   int x = 1234;
|   int y = 5678;
|   debug ("Flag");
|   debug ("X = %d\n", x);
|   showlist (The first, second, and third items.);
|   report (x>y, "x is %d but y is %d", x, y);
| }
| 
| // Check long long types.
| #define BIG64 18446744073709551615ull
| #define BIG32 4294967295ul
| #define BIG_OK (BIG64 / BIG32 == 4294967297ull && BIG64 % BIG32 == 0)
| #if !BIG_OK
|   your preprocessor is broken;
| #endif
| #if BIG_OK
| #else
|   your preprocessor is broken;
| #endif
| static long long int bignum = -9223372036854775807LL;
| static unsigned long long int ubignum = BIG64;
| 
| struct incomplete_array
| {
|   int datasize;
|   double data[];
| };
| 
| struct named_init {
|   int number;
|   const wchar_t *name;
|   double average;
| };
| 
| typedef const char *ccp;
| 
| static inline int
| test_restrict (ccp restrict text)
| {
|   // See if C++-style comments work.
|   // Iterate through items via the restricted pointer.
|   // Also check for declarations in for loops.
|   for (unsigned int i = 0; *(text+i) != '\0'; ++i)
|     continue;
|   return 0;
| }
| 
| // Check varargs and va_copy.
| static void
| test_varargs (const char *format, ...)
| {
|   va_list args;
|   va_start (args, format);
|   va_list args_copy;
|   va_copy (args_copy, args);
| 
|   const char *str;
|   int number;
|   float fnumber;
| 
|   while (*format)
|     {
|       switch (*format++)
| 	{
| 	case 's': // string
| 	  str = va_arg (args_copy, const char *);
| 	  break;
| 	case 'd': // int
| 	  number = va_arg (args_copy, int);
| 	  break;
| 	case 'f': // float
| 	  fnumber = va_arg (args_copy, double);
| 	  break;
| 	default:
| 	  break;
| 	}
|     }
|   va_end (args_copy);
|   va_end (args);
| }
| 
| int
| main ()
| {
| 
|   // Check bool.
|   _Bool success = false;
| 
|   // Check restrict.
|   if (test_restrict ("String literal") == 0)
|     success = true;
|   char *restrict newvar = "Another string";
| 
|   // Check varargs.
|   test_varargs ("s, d' f .", "string", 65, 34.234);
|   test_varargs_macros ();
| 
|   // Check flexible array members.
|   struct incomplete_array *ia =
|     malloc (sizeof (struct incomplete_array) + (sizeof (double) * 10));
|   ia->datasize = 10;
|   for (int i = 0; i < ia->datasize; ++i)
|     ia->data[i] = i * 1.234;
| 
|   // Check named initializers.
|   struct named_init ni = {
|     .number = 34,
|     .name = L"Test wide string",
|     .average = 543.34343,
|   };
| 
|   ni.number = 58;
| 
|   int dynamic_array[ni.number];
|   dynamic_array[ni.number - 1] = 543;
| 
|   // work around unused variable warnings
|   return (!success || bignum == 0LL || ubignum == 0uLL || newvar[0] == 'x'
| 	  || dynamic_array[ni.number - 1] != 543);
| 
|   ;
|   return 0;
| }
configure:5117: x86_64-w64-mingw32-gcc -std=gnu99 -c -g -O2  conftest.c >&5
configure:5117: $? = 0
configure:5137: result: -std=gnu99
configure:5239: checking for x86_64-w64-mingw32-gcc -std=gnu99 option to accept ISO Standard C
configure:5253: result: -std=gnu99
configure:5262: checking how to run the C preprocessor
configure:5332: result: x86_64-w64-mingw32-gcc -E
configure:5352: x86_64-w64-mingw32-gcc -E  conftest.c
configure:5352: $? = 0
configure:5366: x86_64-w64-mingw32-gcc -E  conftest.c
conftest.c:24:28: fatal error: ac_nonexistent.h: No such file or directory
compilation terminated.
configure:5366: $? = 1
configure: failed program was:
| /* confdefs.h */
| #define PACKAGE_NAME "libjpeg"
| #define PACKAGE_TARNAME "libjpeg"
| #define PACKAGE_VERSION "8.3.0"
| #define PACKAGE_STRING "libjpeg 8.3.0"
| #define PACKAGE_BUGREPORT ""
| #define PACKAGE_URL ""
| #define PACKAGE "libjpeg"
| #define VERSION "8.3.0"
| #define PROTOTYPES 1
| #define __PROTOTYPES 1
| #define STDC_HEADERS 1
| #define HAVE_SYS_TYPES_H 1
| #define HAVE_SYS_STAT_H 1
| #define HAVE_STDLIB_H 1
| #define HAVE_STRING_H 1
| #define HAVE_MEMORY_H 1
| #define HAVE_STRINGS_H 1
| #define HAVE_INTTYPES_H 1
| #define HAVE_STDINT_H 1
| #define HAVE_UNISTD_H 1
| #define HAVE_STRING_H 1
| /* end confdefs.h.  */
| #include <ac_nonexistent.h>
configure:5395: checking whether make sets $(MAKE)
configure:5417: result: yes
configure:5426: checking whether ln -s works
configure:5430: result: yes
configure:5446: checking if LD -Wl,--version-script works
configure:5470: x86_64-w64-mingw32-gcc -std=gnu99 -o conftest.exe -g -O2   -Wl,--version-script=conftest.map conftest.c  >&5
configure:5470: $? = 0
configure:5479: result: yes
configure:5492: checking for function prototypes
configure:5519: x86_64-w64-mingw32-gcc -std=gnu99 -c -g -O2  conftest.c >&5
configure:5519: $? = 0
configure:5527: result: yes
configure:5545: checking stddef.h usability
configure:5545: x86_64-w64-mingw32-gcc -std=gnu99 -c -g -O2  conftest.c >&5
configure:5545: $? = 0
configure:5545: result: yes
configure:5545: checking stddef.h presence
configure:5545: x86_64-w64-mingw32-gcc -E  conftest.c
configure:5545: $? = 0
configure:5545: result: yes
configure:5545: checking for stddef.h
configure:5545: result: yes
configure:5545: checking for stdlib.h
configure:5545: result: yes
configure:5545: checking locale.h usability
configure:5545: x86_64-w64-mingw32-gcc -std=gnu99 -c -g -O2  conftest.c >&5
configure:5545: $? = 0
configure:5545: result: yes
configure:5545: checking locale.h presence
configure:5545: x86_64-w64-mingw32-gcc -E  conftest.c
configure:5545: $? = 0
configure:5545: result: yes
configure:5545: checking for locale.h
configure:5545: result: yes
configure:5555: checking for string.h
configure:5555: result: yes
configure:5568: checking for size_t
configure:5595: x86_64-w64-mingw32-gcc -std=gnu99 -c -g -O2  conftest.c >&5
configure:5595: $? = 0
configure:5601: result: yes
configure:5635: checking for type unsigned char
configure:5648: x86_64-w64-mingw32-gcc -std=gnu99 -c -g -O2  conftest.c >&5
configure:5648: $? = 0
configure:5649: result: yes
configure:5659: checking for type unsigned short
configure:5672: x86_64-w64-mingw32-gcc -std=gnu99 -c -g -O2  conftest.c >&5
configure:5672: $? = 0
configure:5673: result: yes
configure:5683: checking for type void
configure:5717: x86_64-w64-mingw32-gcc -std=gnu99 -c -g -O2  conftest.c >&5
configure:5717: $? = 0
configure:5718: result: yes
configure:5728: checking for an ANSI C-conforming const
configure:5793: x86_64-w64-mingw32-gcc -std=gnu99 -c -g -O2  conftest.c >&5
configure:5793: $? = 0
configure:5800: result: yes
configure:5810: checking for inline
configure:5825: x86_64-w64-mingw32-gcc -std=gnu99 -c -g -O2  conftest.c >&5
configure:5825: $? = 0
configure:5863: result: __inline__
configure:5872: checking for broken incomplete types
configure:5885: x86_64-w64-mingw32-gcc -std=gnu99 -c -g -O2  conftest.c >&5
configure:5885: $? = 0
configure:5886: result: ok
configure:5898: checking for short external names
configure:5914: x86_64-w64-mingw32-gcc -std=gnu99 -o conftest.exe -g -O2   conftest.c  >&5
configure:5914: $? = 0
configure:5915: result: ok
configure:5928: checking to see if char is signed
configure:5973: checking to see if right shift is signed
configure:5976: result: Assuming that right shift is signed on target machine.
configure:6023: checking to see if fopen accepts b spec
configure:6026: result: Assuming that it does.
configure:6062: checking for x86_64-w64-mingw32-as
configure:6078: found /usr/bin/x86_64-w64-mingw32-as
configure:6089: result: x86_64-w64-mingw32-as
configure:6154: checking for x86_64-w64-mingw32-dlltool
configure:6170: found /usr/bin/x86_64-w64-mingw32-dlltool
configure:6181: result: x86_64-w64-mingw32-dlltool
configure:6246: checking for x86_64-w64-mingw32-objdump
configure:6262: found /usr/bin/x86_64-w64-mingw32-objdump
configure:6273: result: x86_64-w64-mingw32-objdump
configure:6404: checking how to print strings
configure:6431: result: printf
configure:6452: checking for a sed that does not truncate output
configure:6516: result: /bin/sed
configure:6534: checking for fgrep
configure:6596: result: /bin/grep -F
configure:6631: checking for ld used by x86_64-w64-mingw32-gcc -std=gnu99
configure:6698: result: /usr/bin/x86_64-w64-mingw32-ld
configure:6705: checking if the linker (/usr/bin/x86_64-w64-mingw32-ld) is GNU ld
configure:6720: result: yes
configure:6732: checking for BSD- or MS-compatible name lister (nm)
configure:6781: result: /usr/bin/x86_64-w64-mingw32-nm -B
configure:6911: checking the name lister (/usr/bin/x86_64-w64-mingw32-nm -B) interface
configure:6918: x86_64-w64-mingw32-gcc -std=gnu99 -c -g -O2  conftest.c >&5
configure:6921: /usr/bin/x86_64-w64-mingw32-nm -B "conftest.o"
configure:6924: output
0000000000000000 b .bss
0000000000000000 d .data
0000000000000000 N .debug_abbrev
0000000000000000 N .debug_info
0000000000000000 N .debug_line
0000000000000000 t .text
0000000000000000 B some_variable
configure:6931: result: BSD nm
configure:6935: checking the maximum length of command line arguments
configure:7060: result: 1572864
configure:7077: checking whether the shell understands some XSI constructs
configure:7087: result: yes
configure:7091: checking whether the shell understands "+="
configure:7097: result: yes
configure:7132: checking how to convert x86_64-unknown-linux-gnu file names to x86_64-w64-mingw32 format
configure:7172: result: func_convert_file_nix_to_w32
configure:7179: checking how to convert x86_64-unknown-linux-gnu file names to toolchain format
configure:7199: result: func_convert_file_noop
configure:7206: checking for /usr/bin/x86_64-w64-mingw32-ld option to reload object files
configure:7213: result: -r
configure:7247: checking for x86_64-w64-mingw32-objdump
configure:7274: result: x86_64-w64-mingw32-objdump
configure:7343: checking how to recognize dependent libraries
configure:7545: result: file_magic ^x86 archive import|^x86 DLL
configure:7590: checking for x86_64-w64-mingw32-dlltool
configure:7617: result: x86_64-w64-mingw32-dlltool
configure:7687: checking how to associate runtime and link libraries
configure:7714: result: func_cygming_dll_for_implib
configure:7730: checking for x86_64-w64-mingw32-ar
configure:7746: found /usr/bin/x86_64-w64-mingw32-ar
configure:7757: result: x86_64-w64-mingw32-ar
configure:7838: checking for archiver @FILE support
configure:7855: x86_64-w64-mingw32-gcc -std=gnu99 -c -g -O2  conftest.c >&5
configure:7855: $? = 0
configure:7858: x86_64-w64-mingw32-ar cru libconftest.a @conftest.lst >&5
configure:7861: $? = 0
configure:7866: x86_64-w64-mingw32-ar cru libconftest.a @conftest.lst >&5
x86_64-w64-mingw32-ar: conftest.o: No such file or directory
configure:7869: $? = 1
configure:7881: result: @
configure:7899: checking for x86_64-w64-mingw32-strip
configure:7926: result: x86_64-w64-mingw32-strip
configure:7998: checking for x86_64-w64-mingw32-ranlib
configure:8014: found /usr/bin/x86_64-w64-mingw32-ranlib
configure:8025: result: x86_64-w64-mingw32-ranlib
configure:8167: checking command to parse /usr/bin/x86_64-w64-mingw32-nm -B output from x86_64-w64-mingw32-gcc -std=gnu99 object
configure:8286: x86_64-w64-mingw32-gcc -std=gnu99 -c -g -O2  conftest.c >&5
configure:8289: $? = 0
configure:8293: /usr/bin/x86_64-w64-mingw32-nm -B conftest.o \| sed -n -e 's/^.*[ ]\([ABCDGIRSTW][ABCDGIRSTW]*\)[ ][ ]*\([_A-Za-z][_A-Za-z0-9]*\)$/\1 \2 \2/p' | sed '/ __gnu_lto/d' \> conftest.nm
configure:8296: $? = 0
configure:8362: x86_64-w64-mingw32-gcc -std=gnu99 -o conftest.exe -g -O2   conftest.c conftstm.o >&5
configure:8365: $? = 0
configure:8403: result: ok
configure:8440: checking for sysroot
configure:8470: result: no
configure:8673: checking for x86_64-w64-mingw32-mt
configure:8703: result: no
configure:8713: checking for mt
configure:8729: found /bin/mt
configure:8740: result: mt
configure:8752: WARNING: using cross tools not prefixed with host triplet
configure:8763: checking if mt is a manifest tool
configure:8769: mt '-?'
configure:8777: result: no
configure:9406: checking for dlfcn.h
configure:9406: x86_64-w64-mingw32-gcc -std=gnu99 -c -g -O2  conftest.c >&5
conftest.c:65:19: fatal error: dlfcn.h: No such file or directory
compilation terminated.
configure:9406: $? = 1
configure: failed program was:
| /* confdefs.h */
| #define PACKAGE_NAME "libjpeg"
| #define PACKAGE_TARNAME "libjpeg"
| #define PACKAGE_VERSION "8.3.0"
| #define PACKAGE_STRING "libjpeg 8.3.0"
| #define PACKAGE_BUGREPORT ""
| #define PACKAGE_URL ""
| #define PACKAGE "libjpeg"
| #define VERSION "8.3.0"
| #define PROTOTYPES 1
| #define __PROTOTYPES 1
| #define STDC_HEADERS 1
| #define HAVE_SYS_TYPES_H 1
| #define HAVE_SYS_STAT_H 1
| #define HAVE_STDLIB_H 1
| #define HAVE_STRING_H 1
| #define HAVE_MEMORY_H 1
| #define HAVE_STRINGS_H 1
| #define HAVE_INTTYPES_H 1
| #define HAVE_STDINT_H 1
| #define HAVE_UNISTD_H 1
| #define HAVE_STRING_H 1
| #define HAVE_PROTOTYPES 1
| #define HAVE_STDDEF_H 1
| #define HAVE_STDLIB_H 1
| #define HAVE_LOCALE_H 1
| #define HAVE_UNSIGNED_CHAR 1
| #define HAVE_UNSIGNED_SHORT 1
| #define INLINE __inline__
| /* end confdefs.h.  */
| #include <stdio.h>
| #ifdef HAVE_SYS_TYPES_H
| # include <sys/types.h>
| #endif
| #ifdef HAVE_SYS_STAT_H
| # include <sys/stat.h>
| #endif
| #ifdef STDC_HEADERS
| # include <stdlib.h>
| # include <stddef.h>
| #else
| # ifdef HAVE_STDLIB_H
| #  include <stdlib.h>
| # endif
| #endif
| #ifdef HAVE_STRING_H
| # if !defined STDC_HEADERS && defined HAVE_MEMORY_H
| #  include <memory.h>
| # endif
| # include <string.h>
| #endif
| #ifdef HAVE_STRINGS_H
| # include <strings.h>
| #endif
| #ifdef HAVE_INTTYPES_H
| # include <inttypes.h>
| #endif
| #ifdef HAVE_STDINT_H
| # include <stdint.h>
| #endif
| #ifdef HAVE_UNISTD_H
| # include <unistd.h>
| #endif
| 
| #include <dlfcn.h>
configure:9406: result: no
configure:9591: checking for objdir
configure:9606: result: .libs
configure:9873: checking if x86_64-w64-mingw32-gcc -std=gnu99 supports -fno-rtti -fno-exceptions
configure:9891: x86_64-w64-mingw32-gcc -std=gnu99 -c -g -O2  -fno-rtti -fno-exceptions conftest.c >&5
cc1: warning: command line option '-fno-rtti' is valid for C++/ObjC++ but not for C [enabled by default]
configure:9895: $? = 0
configure:9908: result: no
configure:10218: checking for x86_64-w64-mingw32-gcc -std=gnu99 option to produce PIC
configure:10225: result: -DDLL_EXPORT -DPIC
configure:10233: checking if x86_64-w64-mingw32-gcc -std=gnu99 PIC flag -DDLL_EXPORT -DPIC works
configure:10251: x86_64-w64-mingw32-gcc -std=gnu99 -c -g -O2  -DDLL_EXPORT -DPIC -DPIC conftest.c >&5
configure:10255: $? = 0
configure:10268: result: yes
configure:10297: checking if x86_64-w64-mingw32-gcc -std=gnu99 static flag -static works
configure:10325: result: yes
configure:10340: checking if x86_64-w64-mingw32-gcc -std=gnu99 supports -c -o file.o
configure:10361: x86_64-w64-mingw32-gcc -std=gnu99 -c -g -O2  -o out/conftest2.o conftest.c >&5
configure:10365: $? = 0
configure:10387: result: yes
configure:10395: checking if x86_64-w64-mingw32-gcc -std=gnu99 supports -c -o file.o
configure:10442: result: yes
configure:10475: checking whether the x86_64-w64-mingw32-gcc -std=gnu99 linker (/usr/bin/x86_64-w64-mingw32-ld) supports shared libraries
configure:11633: result: yes
configure:11670: checking whether -lc should be explicitly linked in
configure:11678: x86_64-w64-mingw32-gcc -std=gnu99 -c -g -O2  conftest.c >&5
configure:11681: $? = 0
configure:11696: x86_64-w64-mingw32-gcc -std=gnu99 -shared conftest.o  -v -o ./conftest -Wl,--enable-auto-image-base -Xlinker --out-implib -Xlinker conftest 2\>\&1 \| /bin/grep  -lc  \>/dev/null 2\>\&1
configure:11699: $? = 1
configure:11713: result: yes
configure:11878: checking dynamic linker characteristics
configure:12614: result: Win32 ld.exe
configure:12721: checking how to hardcode library paths into programs
configure:12746: result: immediate
configure:13286: checking whether stripping libraries is possible
configure:13291: result: yes
configure:13326: checking if libtool supports shared libraries
configure:13328: result: yes
configure:13331: checking whether to build shared libraries
configure:13352: result: yes
configure:13355: checking whether to build static libraries
configure:13359: result: yes
configure:13475: checking libjpeg version number
configure:13480: result: 11:0:3
configure:13627: creating ./config.status

## ---------------------- ##
## Running config.status. ##
## ---------------------- ##

This file was extended by libjpeg config.status 8.3.0, which was
generated by GNU Autoconf 2.68.  Invocation command line was

  CONFIG_FILES    = 
  CONFIG_HEADERS  = 
  CONFIG_LINKS    = 
  CONFIG_COMMANDS = 
  $ ./config.status 

on eris.vovoid

config.status:1126: creating Makefile
config.status:1126: creating jconfig.h
config.status:1355: executing depfiles commands
config.status:1355: executing libtool commands

## ---------------- ##
## Cache variables. ##
## ---------------- ##

ac_cv_build=x86_64-unknown-linux-gnu
ac_cv_c_compiler_gnu=yes
ac_cv_c_const=yes
ac_cv_env_CC_set=
ac_cv_env_CC_value=
ac_cv_env_CFLAGS_set=
ac_cv_env_CFLAGS_value=
ac_cv_env_CPPFLAGS_set=
ac_cv_env_CPPFLAGS_value=
ac_cv_env_CPP_set=
ac_cv_env_CPP_value=
ac_cv_env_LDFLAGS_set=
ac_cv_env_LDFLAGS_value=
ac_cv_env_LIBS_set=
ac_cv_env_LIBS_value=
ac_cv_env_build_alias_set=
ac_cv_env_build_alias_value=
ac_cv_env_host_alias_set=set
ac_cv_env_host_alias_value=x86_64-w64-mingw32
ac_cv_env_target_alias_set=
ac_cv_env_target_alias_value=
ac_cv_exeext=.exe
ac_cv_header_dlfcn_h=no
ac_cv_header_inttypes_h=yes
ac_cv_header_locale_h=yes
ac_cv_header_memory_h=yes
ac_cv_header_stdc=yes
ac_cv_header_stddef_h=yes
ac_cv_header_stdint_h=yes
ac_cv_header_stdlib_h=yes
ac_cv_header_string_h=yes
ac_cv_header_strings_h=yes
ac_cv_header_sys_stat_h=yes
ac_cv_header_sys_types_h=yes
ac_cv_header_unistd_h=yes
ac_cv_host=x86_64-w64-mingw32
ac_cv_objext=o
ac_cv_path_EGREP='/bin/grep -E'
ac_cv_path_FGREP='/bin/grep -F'
ac_cv_path_GREP=/bin/grep
ac_cv_path_SED=/bin/sed
ac_cv_path_install='/usr/bin/install -c'
ac_cv_path_mkdir=/bin/mkdir
ac_cv_prog_AR=x86_64-w64-mingw32-ar
ac_cv_prog_AS=x86_64-w64-mingw32-as
ac_cv_prog_AWK=mawk
ac_cv_prog_CC=x86_64-w64-mingw32-gcc
ac_cv_prog_CPP='x86_64-w64-mingw32-gcc -E'
ac_cv_prog_DLLTOOL=x86_64-w64-mingw32-dlltool
ac_cv_prog_OBJDUMP=x86_64-w64-mingw32-objdump
ac_cv_prog_RANLIB=x86_64-w64-mingw32-ranlib
ac_cv_prog_STRIP=x86_64-w64-mingw32-strip
ac_cv_prog_ac_ct_MANIFEST_TOOL=mt
ac_cv_prog_cc_c89=
ac_cv_prog_cc_c99=-std=gnu99
ac_cv_prog_cc_g=yes
ac_cv_prog_cc_stdc=-std=gnu99
ac_cv_prog_make_make_set=yes
ac_cv_target=x86_64-w64-mingw32
am_cv_CC_dependencies_compiler_type=gcc3
ijg_cv_have_prototypes=yes
ijg_cv_inline=__inline__
lt_cv_ar_at_file=@
lt_cv_archive_cmds_need_lc=yes
lt_cv_deplibs_check_method='file_magic ^x86 archive import|^x86 DLL'
lt_cv_file_magic_cmd=func_win32_libid
lt_cv_file_magic_test_file=
lt_cv_ld_reload_flag=-r
lt_cv_nm_interface='BSD nm'
lt_cv_objdir=.libs
lt_cv_path_LD=/usr/bin/x86_64-w64-mingw32-ld
lt_cv_path_NM='/usr/bin/x86_64-w64-mingw32-nm -B'
lt_cv_path_mainfest_tool=no
lt_cv_prog_compiler_c_o=yes
lt_cv_prog_compiler_pic='-DDLL_EXPORT -DPIC'
lt_cv_prog_compiler_pic_works=yes
lt_cv_prog_compiler_rtti_exceptions=no
lt_cv_prog_compiler_static_works=yes
lt_cv_prog_gnu_ld=yes
lt_cv_sharedlib_from_linklib_cmd=func_cygming_dll_for_implib
lt_cv_sys_global_symbol_pipe='sed -n -e '\''s/^.*[	 ]\([ABCDGIRSTW][ABCDGIRSTW]*\)[	 ][	 ]*\([_A-Za-z][_A-Za-z0-9]*\)$/\1 \2 \2/p'\'' | sed '\''/ __gnu_lto/d'\'''
lt_cv_sys_global_symbol_to_c_name_address='sed -n -e '\''s/^: \([^ ]*\)[ ]*$/  {\"\1\", (void *) 0},/p'\'' -e '\''s/^[ABCDGIRSTW]* \([^ ]*\) \([^ ]*\)$/  {"\2", (void *) \&\2},/p'\'''
lt_cv_sys_global_symbol_to_c_name_address_lib_prefix='sed -n -e '\''s/^: \([^ ]*\)[ ]*$/  {\"\1\", (void *) 0},/p'\'' -e '\''s/^[ABCDGIRSTW]* \([^ ]*\) \(lib[^ ]*\)$/  {"\2", (void *) \&\2},/p'\'' -e '\''s/^[ABCDGIRSTW]* \([^ ]*\) \([^ ]*\)$/  {"lib\2", (void *) \&\2},/p'\'''
lt_cv_sys_global_symbol_to_cdecl='sed -n -e '\''s/^T .* \(.*\)$/extern int \1();/p'\'' -e '\''s/^[ABCDGIRSTW]* .* \(.*\)$/extern char \1;/p'\'''
lt_cv_sys_max_cmd_len=1572864
lt_cv_to_host_file_cmd=func_convert_file_nix_to_w32
lt_cv_to_tool_file_cmd=func_convert_file_noop

## ----------------- ##
## Output variables. ##
## ----------------- ##

ACLOCAL='${SHELL} /home/jaw/vsxu/build/win64/dependencies/jpeg-8c/missing --run aclocal-1.11'
AMDEPBACKSLASH='\'
AMDEP_FALSE='#'
AMDEP_TRUE=''
AMTAR='${SHELL} /home/jaw/vsxu/build/win64/dependencies/jpeg-8c/missing --run tar'
AM_BACKSLASH='\'
AM_DEFAULT_VERBOSITY='0'
ANSI2KNR=''
AR='x86_64-w64-mingw32-ar'
AS='x86_64-w64-mingw32-as'
AUTOCONF='${SHELL} /home/jaw/vsxu/build/win64/dependencies/jpeg-8c/missing --run autoconf'
AUTOHEADER='echo autoheader ignored'
AUTOMAKE='${SHELL} /home/jaw/vsxu/build/win64/dependencies/jpeg-8c/missing --run automake-1.11'
AWK='mawk'
CC='x86_64-w64-mingw32-gcc -std=gnu99'
CCDEPMODE='depmode=gcc3'
CFLAGS='-g -O2'
CPP='x86_64-w64-mingw32-gcc -E'
CPPFLAGS=''
CYGPATH_W='echo'
DEFS='-DHAVE_CONFIG_H'
DEPDIR='.deps'
DLLTOOL='x86_64-w64-mingw32-dlltool'
DSYMUTIL=''
DUMPBIN=''
ECHO_C=''
ECHO_N='-n'
ECHO_T=''
EGREP='/bin/grep -E'
EXEEXT='.exe'
FGREP='/bin/grep -F'
GREP='/bin/grep'
HAVE_LD_VERSION_SCRIPT_FALSE='#'
HAVE_LD_VERSION_SCRIPT_TRUE=''
INSTALL_DATA='${INSTALL} -m 644'
INSTALL_PROGRAM='${INSTALL}'
INSTALL_SCRIPT='${INSTALL}'
INSTALL_STRIP_PROGRAM='$(install_sh) -c -s'
JPEG_LIB_VERSION='11:0:3'
LD='/usr/bin/x86_64-w64-mingw32-ld'
LDFLAGS=''
LIBOBJS=''
LIBS=''
LIBTOOL='$(SHELL) $(top_builddir)/libtool'
LIPO=''
LN_S='ln -s'
LTLIBOBJS=''
MAINT='#'
MAINTAINER_MODE_FALSE=''
MAINTAINER_MODE_TRUE='#'
MAKEINFO='${SHELL} /home/jaw/vsxu/build/win64/dependencies/jpeg-8c/missing --run makeinfo'
MANIFEST_TOOL=':'
MEMORYMGR='jmemnobs'
MKDIR_P='/bin/mkdir -p'
NM='/usr/bin/x86_64-w64-mingw32-nm -B'
NMEDIT=''
OBJDUMP='x86_64-w64-mingw32-objdump'
OBJEXT='o'
OTOOL64=''
OTOOL=''
PACKAGE='libjpeg'
PACKAGE_BUGREPORT=''
PACKAGE_NAME='libjpeg'
PACKAGE_STRING='libjpeg 8.3.0'
PACKAGE_TARNAME='libjpeg'
PACKAGE_URL=''
PACKAGE_VERSION='8.3.0'
PATH_SEPARATOR=':'
RANLIB='x86_64-w64-mingw32-ranlib'
SED='/bin/sed'
SET_MAKE=''
SHELL='/bin/bash'
STRIP='x86_64-w64-mingw32-strip'
U=''
VERSION='8.3.0'
ac_ct_AR=''
ac_ct_CC=''
ac_ct_DUMPBIN=''
am__EXEEXT_FALSE='#'
am__EXEEXT_TRUE=''
am__fastdepCC_FALSE='#'
am__fastdepCC_TRUE=''
am__include='include'
am__isrc=''
am__leading_dot='.'
am__quote=''
am__tar='${AMTAR} chof - "$$tardir"'
am__untar='${AMTAR} xf -'
bindir='${exec_prefix}/bin'
build='x86_64-unknown-linux-gnu'
build_alias=''
build_cpu='x86_64'
build_os='linux-gnu'
build_vendor='unknown'
datadir='${datarootdir}'
datarootdir='${prefix}/share'
docdir='${datarootdir}/doc/${PACKAGE_TARNAME}'
dvidir='${docdir}'
exec_prefix='${prefix}'
host='x86_64-w64-mingw32'
host_alias='x86_64-w64-mingw32'
host_cpu='x86_64'
host_os='mingw32'
host_vendor='w64'
htmldir='${docdir}'
includedir='${prefix}/include'
infodir='${datarootdir}/info'
install_sh='${SHELL} /home/jaw/vsxu/build/win64/dependencies/jpeg-8c/install-sh'
libdir='${exec_prefix}/lib'
libexecdir='${exec_prefix}/libexec'
localedir='${datarootdir}/locale'
localstatedir='${prefix}/var'
mandir='${datarootdir}/man'
mkdir_p='/bin/mkdir -p'
oldincludedir='/usr/include'
pdfdir='${docdir}'
prefix='/home/jaw/vsxu/build/win64/dependencies-install'
program_transform_name='s,x,x,'
psdir='${docdir}'
sbindir='${exec_prefix}/sbin'
sharedstatedir='${prefix}/com'
sysconfdir='${prefix}/etc'
target='x86_64-w64-mingw32'
target_alias=''
target_cpu='x86_64'
target_os='mingw32'
target_vendor='w64'

## ----------- ##
## confdefs.h. ##
## ----------- ##

/* confdefs.h */
#define PACKAGE_NAME "libjpeg"
#define PACKAGE_TARNAME "libjpeg"
#define PACKAGE_VERSION "8.3.0"
#define PACKAGE_STRING "libjpeg 8.3.0"
#define PACKAGE_BUGREPORT ""
#define PACKAGE_URL ""
#define PACKAGE "libjpeg"
#define VERSION "8.3.0"
#define PROTOTYPES 1
#define __PROTOTYPES 1
#define STDC_HEADERS 1
#define HAVE_SYS_TYPES_H 1
#define HAVE_SYS_STAT_H 1
#define HAVE_STDLIB_H 1
#define HAVE_STRING_H 1
#define HAVE_MEMORY_H 1
#define HAVE_STRINGS_H 1
#define HAVE_INTTYPES_H 1
#define HAVE_STDINT_H 1
#define HAVE_UNISTD_H 1
#define HAVE_STRING_H 1
#define HAVE_PROTOTYPES 1
#define HAVE_STDDEF_H 1
#define HAVE_STDLIB_H 1
#define HAVE_LOCALE_H 1
#define HAVE_UNSIGNED_CHAR 1
#define HAVE_UNSIGNED_SHORT 1
#define INLINE __inline__
#define LT_OBJDIR ".libs/"

configure: exit 0
